INFO main blox.Scape - Loading scape test1.txt
INFO main blox.Scape - Loading scape test1.txt
INFO main blox.Scape - Loading scape test1.txt
INFO main blox.Scape - Loading scape test1.txt
INFO main blox.Scape - Loading scape test1.txt
INFO main blox.Scape - Loading scape test1.txt
INFO main blox.Scape - Loading scape test1.txt
INFO main blox.Scape - Loading scape test1.txt
INFO main blox.Scape - Loading scape test1.txt
INFO main blox.Scape - Loading scape test1.txt
INFO main blox.Scape - Loading scape test1.txt
INFO main blox.Scape - Loading scape test1.txt
INFO main blox.Scape - Loading scape test1.txt
INFO main blox.Scape - Loading scape test1.txt
INFO main blox.Scape - Loading scape test1.txt
INFO main blox.Scape - Loading scape test1.txt
INFO main blox.Scape - Loading scape test1.txt
INFO main blox.Scape - Loading scape test1.txt
INFO main blox.Scape - Loading scape test1.txt
INFO main blox.Scape - Loading scape test1.txt
INFO main blox.Scape - Loading scape test1.txt
INFO main blox.Scape - Loading scape test1.txt
INFO main blox.Scape - Loading scape test1.txt
INFO main blox.Scape - Loading scape test1.txt
INFO main blox.Scape - Loading scape test1.txt
INFO main blox.Scape - Loading scape test1.txt
INFO main blox.Scape - Loading scape test1.txt
INFO main blox.Scape - Loading scape test1.txt
INFO main blox.Scape - Loading scape level2.txt
INFO main blox.Scape - Loading scape test1.txt
INFO main blox.Scape - Loading scape level2.txt
INFO main blox.Scape - Loading scape test1.txt
INFO main blox.Scape - Loading scape level2.txt
INFO main blox.Scape - Loading scape test1.txt
INFO main blox.Scape - Loading scape test1.txt
INFO main blox.Scape - Loading scape level1.txt
INFO main astar.AbstractAStarSearcher - Starting A* search set for start node:[(1,2)@(1,4)-z]-1 and target (1,4)-z
INFO main astar.AbstractAStarSearcher - A* path found - length 0 - []
INFO main astar.AbstractAStarSearcher - Completed in 0 ms with 0 expansions at rate 0 expansion/ms
INFO main blox.Scape - Loading scape notreachable.txt
INFO main astar.AbstractAStarSearcher - Starting A* search set for start node:[(1,2)@(2,7)-z]-1 and target (23,1)-z
INFO main astar.AbstractAStarSearcher - No path was found!
INFO main astar.AbstractAStarSearcher - Completed in 16 ms with 0 expansions at rate 0 expansion/ms
INFO main blox.Scape - Loading scape trivial.txt
INFO main astar.AbstractAStarSearcher - Starting A* search set for start node:[(1,2)@(2,1)-z]-1 and target (5,1)-z
INFO main astar.AbstractAStarSearcher - A* path found - length 2 - [Move right->node:[(1,2)@(3,1)-x]-1, Move right->node:[(1,2)@(5,1)-z]-1]
INFO main astar.AbstractAStarSearcher - Completed in 0 ms with 11 expansions at rate 0 expansion/ms
INFO main blox.Scape - Loading scape testsimpletoggle.txt
INFO main astar.AbstractAStarSearcher - Starting A* search set for start node:[(1,2)@(7,0)-z]-1 and target (1,0)-z
INFO main astar.AbstractAStarSearcher - A* path found - length 6 - [Move left->node:[(1,2)@(5,0)-x]-1, Move right->node:[(1,2)@(7,0)-z]-11, Move left->node:[(1,2)@(5,0)-x]-11, Move left->node:[(1,2)@(4,0)-z]-111, Move left->node:[(1,2)@(2,0)-x]-111, Move left->node:[(1,2)@(1,0)-z]-111]
INFO main astar.AbstractAStarSearcher - Completed in 0 ms with 9 expansions at rate 0 expansion/ms
INFO main blox.Scape - Loading scape level0.txt
INFO main astar.AbstractAStarSearcher - Starting A* search set for start node:[(1,2)@(2,7)-z]-1 and target (23,1)-z
INFO main astar.AbstractAStarSearcher - A* path found - length 18 - [Move right->node:[(1,2)@(3,7)-x]-1, Move right->node:[(1,2)@(5,7)-z]-1, Move right->node:[(1,2)@(6,7)-x]-1, Move right->node:[(1,2)@(8,7)-z]-1, Move right->node:[(1,2)@(9,7)-x]-1, Move right->node:[(1,2)@(11,7)-z]-1, Move right->node:[(1,2)@(12,7)-x]-1, Move right->node:[(1,2)@(14,7)-z]-1, Move right->node:[(1,2)@(15,7)-x]-1, Move right->node:[(1,2)@(17,7)-z]-1, Move right->node:[(1,2)@(18,7)-x]-1, Move right->node:[(1,2)@(20,7)-z]-1, Move right->node:[(1,2)@(21,7)-x]-1, Move right->node:[(1,2)@(23,7)-z]-1, Move down->node:[(1,2)@(23,5)-y]-1, Move down->node:[(1,2)@(23,4)-z]-1, Move down->node:[(1,2)@(23,2)-y]-1, Move down->node:[(1,2)@(23,1)-z]-1]
INFO main astar.AbstractAStarSearcher - Completed in 93 ms with 1881 expansions at rate 20 expansion/ms
INFO main blox.Scape - Loading scape proveOptimalForTeleport1.txt
INFO main astar.AbstractAStarSearcher - Starting A* search set for start node:[(1,2)@(0,2)-z]-1 and target (7,2)-z
INFO main astar.AbstractAStarSearcher - A* path found - length 4 - [Move right->node:[(1,2)@(1,2)-x]-1, Move up->node:[(1,2)@(1,3)-x]-1, Move left->node:[(1,2)@(7,3)-y]-1, Move down->node:[(1,2)@(7,2)-z]-1]
INFO main astar.AbstractAStarSearcher - Completed in 0 ms with 113 expansions at rate 0 expansion/ms
INFO main blox.Scape - Loading scape proveOptimalForMultipleTeleports.txt
INFO main astar.AbstractAStarSearcher - Starting A* search set for start node:[(1,2)@(0,4)-z]-1 and target (12,4)-z
INFO main astar.AbstractAStarSearcher - A* path found - length 7 - [Move right->node:[(1,2)@(1,4)-x]-1, Move up->node:[(1,2)@(1,5)-x]-1, Move left->node:[(1,2)@(8,1)-x]-1, Move right->node:[(1,1)@(4,1)-z, (1,1)@(3,0)-z]-1, Move down->node:[(1,2)@(3,0)-x]-1, Move left->node:[(1,2)@(12,5)-y]-1, Move down->node:[(1,2)@(12,4)-z]-1]
INFO main astar.AbstractAStarSearcher - Completed in 15 ms with 908 expansions at rate 60 expansion/ms
INFO main blox.Scape - Loading scape testsimpleteleport.txt
INFO main astar.AbstractAStarSearcher - Starting A* search set for start node:[(1,2)@(0,1)-z]-1 and target (6,1)-z
INFO main astar.AbstractAStarSearcher - A* path found - length 11 - [Move right->node:[(1,2)@(1,1)-x]-1, Move down->node:[(1,2)@(1,0)-x]-1, Move left->node:[(1,2)@(0,0)-z]-1, Move up->node:[(1,2)@(0,1)-y]-1, Move right->node:[(1,2)@(1,1)-y]-1, Move down->node:[(1,1)@(5,0)-z, (1,1)@(5,2)-z]-1, Move left->node:[(1,1)@(4,0)-x, (1,1)@(5,2)-z]-1, Move up->node:[(1,1)@(4,1)-x, (1,1)@(5,2)-z]-1, Move nextBlock->node:[(1,1)@(4,1)-x, (1,1)@(5,2)-z]-1, Move down->node:[(1,2)@(4,1)-x]-1, Move right->node:[(1,2)@(6,1)-z]-1]
INFO main astar.AbstractAStarSearcher - Completed in 0 ms with 291 expansions at rate 0 expansion/ms
INFO main blox.Scape - Loading scape testsimpleteleport2.txt
INFO main astar.AbstractAStarSearcher - Starting A* search set for start node:[(1,2)@(0,2)-z]-1 and target (6,2)-z
INFO main astar.AbstractAStarSearcher - A* path found - length 15 - [Move right->node:[(1,2)@(1,2)-x]-1, Move down->node:[(1,2)@(1,1)-x]-1, Move left->node:[(1,2)@(0,1)-z]-1, Move up->node:[(1,2)@(0,2)-y]-1, Move right->node:[(1,2)@(1,2)-y]-1, Move down->node:[(1,1)@(5,4)-z, (1,1)@(5,0)-z]-1, Move left->node:[(1,1)@(5,4)-z, (1,1)@(4,0)-x]-1, Move up->node:[(1,1)@(4,1)-x, (1,1)@(5,4)-z]-1, Move up->node:[(1,1)@(4,2)-x, (1,1)@(5,4)-z]-1, Move right->node:[(1,1)@(5,4)-z, (1,1)@(5,2)-z]-1, Move nextBlock->node:[(1,1)@(5,4)-z, (1,1)@(5,2)-z]-1, Move left->node:[(1,1)@(5,2)-z, (1,1)@(4,4)-x]-1, Move down->node:[(1,1)@(4,3)-x, (1,1)@(5,2)-z]-1, Move down->node:[(1,2)@(4,2)-x]-1, Move right->node:[(1,2)@(6,2)-z]-1]
INFO main astar.AbstractAStarSearcher - Completed in 16 ms with 258 expansions at rate 16 expansion/ms
INFO main blox.Scape - Loading scape level1.txt
INFO main astar.AbstractAStarSearcher - Starting A* search set for start node:[(1,2)@(1,4)-z]-1 and target (7,1)-z
INFO main astar.AbstractAStarSearcher - A* path found - length 7 - [Move right->node:[(1,2)@(2,4)-x]-1, Move right->node:[(1,2)@(4,4)-z]-1, Move down->node:[(1,2)@(4,2)-y]-1, Move right->node:[(1,2)@(5,2)-y]-1, Move right->node:[(1,2)@(6,2)-y]-1, Move right->node:[(1,2)@(7,2)-y]-1, Move down->node:[(1,2)@(7,1)-z]-1]
INFO main astar.AbstractAStarSearcher - Completed in 31 ms with 187 expansions at rate 6 expansion/ms
INFO main blox.Scape - Loading scape level2.txt
INFO main astar.AbstractAStarSearcher - Starting A* search set for start node:[(1,2)@(1,1)-z]-1 and target (13,4)-z
INFO main astar.AbstractAStarSearcher - A* path found - length 17 - [Move up->node:[(1,2)@(1,2)-y]-1, Move right->node:[(1,2)@(2,2)-y]-1, Move down->node:[(1,2)@(2,1)-z]-11, Move right->node:[(1,2)@(3,1)-x]-11, Move right->node:[(1,2)@(5,1)-z]-11, Move right->node:[(1,2)@(6,1)-x]-11, Move right->node:[(1,2)@(8,1)-z]-11, Move up->node:[(1,2)@(8,2)-y]-11, Move up->node:[(1,2)@(8,4)-z]-11, Move down->node:[(1,2)@(8,2)-y]-111, Move right->node:[(1,2)@(9,2)-y]-111, Move down->node:[(1,2)@(9,1)-z]-111, Move right->node:[(1,2)@(10,1)-x]-111, Move right->node:[(1,2)@(12,1)-z]-111, Move up->node:[(1,2)@(12,2)-y]-111, Move right->node:[(1,2)@(13,2)-y]-111, Move up->node:[(1,2)@(13,4)-z]-111]
INFO main astar.AbstractAStarSearcher - Completed in 31 ms with 771 expansions at rate 24 expansion/ms
INFO main blox.Scape - Loading scape level3.txt
INFO main astar.AbstractAStarSearcher - Starting A* search set for start node:[(1,2)@(1,3)-z]-1 and target (13,3)-z
INFO main astar.AbstractAStarSearcher - A* path found - length 19 - [Move right->node:[(1,2)@(2,3)-x]-1, Move up->node:[(1,2)@(2,4)-x]-1, Move right->node:[(1,2)@(4,4)-z]-1, Move right->node:[(1,2)@(5,4)-x]-1, Move right->node:[(1,2)@(7,4)-z]-1, Move up->node:[(1,2)@(7,5)-y]-1, Move left->node:[(1,2)@(6,5)-y]-1, Move down->node:[(1,2)@(6,4)-z]-1, Move right->node:[(1,2)@(7,4)-x]-1, Move up->node:[(1,2)@(7,5)-x]-1, Move up->node:[(1,2)@(7,6)-x]-1, Move right->node:[(1,2)@(9,6)-z]-1, Move right->node:[(1,2)@(10,6)-x]-1, Move right->node:[(1,2)@(12,6)-z]-1, Move down->node:[(1,2)@(12,4)-y]-1, Move down->node:[(1,2)@(12,3)-z]-1, Move down->node:[(1,2)@(12,1)-y]-1, Move right->node:[(1,2)@(13,1)-y]-1, Move up->node:[(1,2)@(13,3)-z]-1]
INFO main astar.AbstractAStarSearcher - Completed in 0 ms with 228 expansions at rate 0 expansion/ms
INFO main blox.Scape - Loading scape level4.txt
INFO main astar.AbstractAStarSearcher - Starting A* search set for start node:[(1,2)@(1,3)-z]-1 and target (6,1)-z
INFO main astar.AbstractAStarSearcher - A* path found - length 28 - [Move up->node:[(1,2)@(1,4)-y]-1, Move left->node:[(1,2)@(0,4)-y]-1, Move up->node:[(1,2)@(0,6)-z]-1, Move right->node:[(1,2)@(1,6)-x]-1, Move right->node:[(1,2)@(3,6)-z]-1, Move up->node:[(1,2)@(3,7)-y]-1, Move right->node:[(1,2)@(4,7)-y]-1, Move right->node:[(1,2)@(5,7)-y]-1, Move right->node:[(1,2)@(6,7)-y]-1, Move right->node:[(1,2)@(7,7)-y]-1, Move right->node:[(1,2)@(8,7)-y]-1, Move right->node:[(1,2)@(9,7)-y]-1, Move down->node:[(1,2)@(9,6)-z]-1, Move right->node:[(1,2)@(10,6)-x]-1, Move down->node:[(1,2)@(10,5)-x]-1, Move down->node:[(1,2)@(10,4)-x]-1, Move down->node:[(1,2)@(10,3)-x]-1, Move down->node:[(1,2)@(10,2)-x]-1, Move down->node:[(1,2)@(10,1)-x]-1, Move right->node:[(1,2)@(12,1)-z]-1, Move up->node:[(1,2)@(12,2)-y]-1, Move left->node:[(1,2)@(11,2)-y]-1, Move left->node:[(1,2)@(10,2)-y]-1, Move left->node:[(1,2)@(9,2)-y]-1, Move left->node:[(1,2)@(8,2)-y]-1, Move left->node:[(1,2)@(7,2)-y]-1, Move left->node:[(1,2)@(6,2)-y]-1, Move down->node:[(1,2)@(6,1)-z]-1]
INFO main astar.AbstractAStarSearcher - Completed in 16 ms with 160 expansions at rate 10 expansion/ms
INFO main blox.Scape - Loading scape level5.txt
INFO main astar.AbstractAStarSearcher - Starting A* search set for start node:[(1,2)@(13,7)-z]-1 and target (1,0)-z
INFO main astar.AbstractAStarSearcher - A* path found - length 33 - [Move left->node:[(1,2)@(11,7)-x]-1, Move left->node:[(1,2)@(10,7)-z]-1, Move left->node:[(1,2)@(8,7)-x]-1, Move right->node:[(1,2)@(10,7)-z]-11, Move left->node:[(1,2)@(8,7)-x]-11, Move left->node:[(1,2)@(7,7)-z]-111, Move left->node:[(1,2)@(5,7)-x]-111, Move left->node:[(1,2)@(4,7)-z]-111, Move left->node:[(1,2)@(2,7)-x]-111, Move down->node:[(1,2)@(2,6)-x]-111, Move right->node:[(1,2)@(4,6)-z]-1111, Move down->node:[(1,2)@(4,4)-y]-1111, Move down->node:[(1,2)@(4,3)-z]-1111, Move right->node:[(1,2)@(5,3)-x]-1111, Move right->node:[(1,2)@(7,3)-z]-11111, Move right->node:[(1,2)@(8,3)-x]-11111, Move right->node:[(1,2)@(10,3)-z]-11111, Move down->node:[(1,2)@(10,1)-y]-11111, Move right->node:[(1,2)@(11,1)-y]-11111, Move right->node:[(1,2)@(12,1)-y]-11111, Move right->node:[(1,2)@(13,1)-y]-11111, Move right->node:[(1,2)@(14,1)-y]-11111, Move left->node:[(1,2)@(13,1)-y]-111111, Move left->node:[(1,2)@(12,1)-y]-111111, Move left->node:[(1,2)@(11,1)-y]-111111, Move left->node:[(1,2)@(10,1)-y]-111111, Move down->node:[(1,2)@(10,0)-z]-111111, Move left->node:[(1,2)@(8,0)-x]-111111, Move left->node:[(1,2)@(7,0)-z]-111111, Move left->node:[(1,2)@(5,0)-x]-111111, Move left->node:[(1,2)@(4,0)-z]-111111, Move left->node:[(1,2)@(2,0)-x]-111111, Move left->node:[(1,2)@(1,0)-z]-111111]
INFO main astar.AbstractAStarSearcher - Completed in 16 ms with 737 expansions at rate 46 expansion/ms
INFO main blox.Scape - Loading scape level6.txt
INFO main astar.AbstractAStarSearcher - Starting A* search set for start node:[(1,2)@(0,6)-z]-1 and target (13,5)-z
INFO main astar.AbstractAStarSearcher - A* path found - length 35 - [Move right->node:[(1,2)@(1,6)-x]-1, Move right->node:[(1,2)@(3,6)-z]-1, Move right->node:[(1,2)@(4,6)-x]-1, Move down->node:[(1,2)@(4,5)-x]-1, Move right->node:[(1,2)@(6,5)-z]-1, Move down->node:[(1,2)@(6,3)-y]-1, Move down->node:[(1,2)@(6,2)-z]-1, Move right->node:[(1,2)@(7,2)-x]-1, Move down->node:[(1,2)@(7,1)-x]-1, Move down->node:[(1,2)@(7,0)-x]-1, Move right->node:[(1,2)@(9,0)-z]-1, Move up->node:[(1,2)@(9,1)-y]-1, Move left->node:[(1,2)@(8,1)-y]-1, Move left->node:[(1,2)@(7,1)-y]-1, Move left->node:[(1,2)@(6,1)-y]-1, Move up->node:[(1,2)@(6,3)-z]-1, Move up->node:[(1,2)@(6,4)-y]-1, Move left->node:[(1,2)@(5,4)-y]-1, Move up->node:[(1,2)@(5,6)-z]-1, Move up->node:[(1,2)@(5,7)-y]-1, Move up->node:[(1,2)@(5,9)-z]-1, Move right->node:[(1,2)@(6,9)-x]-1, Move right->node:[(1,2)@(8,9)-z]-1, Move right->node:[(1,2)@(9,9)-x]-1, Move down->node:[(1,2)@(9,8)-x]-1, Move down->node:[(1,2)@(9,7)-x]-1, Move left->node:[(1,2)@(8,7)-z]-1, Move up->node:[(1,2)@(8,8)-y]-1, Move right->node:[(1,2)@(9,8)-y]-1, Move right->node:[(1,2)@(10,8)-y]-1, Move down->node:[(1,2)@(10,7)-z]-1, Move right->node:[(1,2)@(11,7)-x]-1, Move down->node:[(1,2)@(11,6)-x]-1, Move down->node:[(1,2)@(11,5)-x]-1, Move right->node:[(1,2)@(13,5)-z]-1]
INFO main astar.AbstractAStarSearcher - Completed in 16 ms with 241 expansions at rate 15 expansion/ms
INFO main blox.Scape - Loading scape level7.txt
INFO main astar.AbstractAStarSearcher - Starting A* search set for start node:[(1,2)@(1,4)-z]-1 and target (13,4)-z
INFO main astar.AbstractAStarSearcher - A* path found - length 44 - [Move down->node:[(1,2)@(1,2)-y]-1, Move left->node:[(1,2)@(0,2)-y]-1, Move up->node:[(1,2)@(0,4)-z]-1, Move right->node:[(1,2)@(1,4)-x]-1, Move right->node:[(1,2)@(3,4)-z]-1, Move right->node:[(1,2)@(4,4)-x]-1, Move right->node:[(1,2)@(6,4)-z]-1, Move right->node:[(1,2)@(7,4)-x]-1, Move down->node:[(1,2)@(7,3)-x]-1, Move right->node:[(1,2)@(9,3)-z]-1, Move left->node:[(1,2)@(7,3)-x]-11, Move up->node:[(1,2)@(7,4)-x]-11, Move left->node:[(1,2)@(6,4)-z]-11, Move left->node:[(1,2)@(4,4)-x]-11, Move left->node:[(1,2)@(3,4)-z]-11, Move left->node:[(1,2)@(1,4)-x]-11, Move left->node:[(1,2)@(0,4)-z]-11, Move down->node:[(1,2)@(0,2)-y]-11, Move right->node:[(1,2)@(1,2)-y]-11, Move down->node:[(1,2)@(1,1)-z]-11, Move right->node:[(1,2)@(2,1)-x]-11, Move down->node:[(1,2)@(2,0)-x]-11, Move right->node:[(1,2)@(4,0)-z]-11, Move right->node:[(1,2)@(5,0)-x]-11, Move right->node:[(1,2)@(7,0)-z]-11, Move up->node:[(1,2)@(7,1)-y]-11, Move up->node:[(1,2)@(7,3)-z]-11, Move right->node:[(1,2)@(8,3)-x]-11, Move down->node:[(1,2)@(8,2)-x]-11, Move left->node:[(1,2)@(7,2)-z]-11, Move up->node:[(1,2)@(7,3)-y]-11, Move right->node:[(1,2)@(8,3)-y]-11, Move up->node:[(1,2)@(8,5)-z]-11, Move up->node:[(1,2)@(8,6)-y]-11, Move right->node:[(1,2)@(9,6)-y]-11, Move right->node:[(1,2)@(10,6)-y]-11, Move right->node:[(1,2)@(11,6)-y]-11, Move down->node:[(1,2)@(11,5)-z]-11, Move right->node:[(1,2)@(12,5)-x]-11, Move down->node:[(1,2)@(12,4)-x]-11, Move right->node:[(1,2)@(14,4)-z]-11, Move down->node:[(1,2)@(14,2)-y]-11, Move left->node:[(1,2)@(13,2)-y]-11, Move up->node:[(1,2)@(13,4)-z]-11]
INFO main astar.AbstractAStarSearcher - Completed in 15 ms with 390 expansions at rate 26 expansion/ms
INFO main blox.Scape - Loading scape level8.txt
INFO main astar.AbstractAStarSearcher - Starting A* search set for start node:[(1,2)@(1,4)-z]-1 and target (13,4)-z
INFO main astar.AbstractAStarSearcher - A* path found - length 11 - [Move right->node:[(1,2)@(2,4)-x]-1, Move right->node:[(1,1)@(10,7)-z, (1,1)@(10,1)-z]-1, Move down->node:[(1,1)@(10,6)-y, (1,1)@(10,1)-z]-1, Move nextBlock->node:[(1,1)@(10,6)-y, (1,1)@(10,1)-z]-1, Move up->node:[(1,1)@(10,6)-y, (1,1)@(10,2)-y]-1, Move up->node:[(1,1)@(10,6)-y, (1,1)@(10,3)-z]-1, Move up->node:[(1,1)@(10,4)-y, (1,1)@(10,6)-y]-1, Move up->node:[(1,2)@(10,5)-y]-1, Move down->node:[(1,2)@(10,4)-z]-1, Move right->node:[(1,2)@(11,4)-x]-1, Move right->node:[(1,2)@(13,4)-z]-1]
INFO main astar.AbstractAStarSearcher - Completed in 938 ms with 17638 expansions at rate 18 expansion/ms
INFO main blox.Scape - Loading scape level9.txt
INFO main astar.AbstractAStarSearcher - Starting A* search set for start node:[(1,2)@(1,3)-z]-1 and target (7,1)-z
INFO main astar.AbstractAStarSearcher - A* path found - length 25 - [Move right->node:[(1,2)@(2,3)-x]-1, Move down->node:[(1,2)@(2,2)-x]-1, Move right->node:[(1,2)@(4,2)-z]-1, Move right->node:[(1,2)@(5,2)-x]-1, Move right->node:[(1,2)@(7,2)-z]-1, Move right->node:[(1,2)@(8,2)-x]-1, Move right->node:[(1,2)@(10,2)-z]-1, Move right->node:[(1,2)@(11,2)-x]-1, Move up->node:[(1,2)@(11,3)-x]-1, Move right->node:[(1,1)@(12,3)-z, (1,1)@(2,3)-z]-1, Move down->node:[(1,1)@(12,2)-y, (1,1)@(2,3)-z]-1, Move left->node:[(1,1)@(11,2)-y, (1,1)@(2,3)-z]-1, Move left->node:[(1,1)@(10,2)-y, (1,1)@(2,3)-z]-1, Move left->node:[(1,1)@(9,2)-y, (1,1)@(2,3)-z]-1, Move left->node:[(1,1)@(2,3)-z, (1,1)@(8,2)-y]-1, Move left->node:[(1,1)@(7,2)-y, (1,1)@(2,3)-z]-1, Move up->node:[(1,1)@(7,3)-z, (1,1)@(2,3)-z]-1, Move nextBlock->node:[(1,1)@(7,3)-z, (1,1)@(2,3)-z]-1, Move right->node:[(1,1)@(7,3)-z, (1,1)@(3,3)-x]-1, Move down->node:[(1,1)@(7,3)-z, (1,1)@(3,2)-x]-1, Move right->node:[(1,1)@(4,2)-z, (1,1)@(7,3)-z]-1, Move right->node:[(1,1)@(7,3)-z, (1,1)@(5,2)-x]-1, Move right->node:[(1,1)@(7,3)-z, (1,1)@(6,2)-z]-1, Move right->node:[(1,2)@(7,2)-y]-1, Move down->node:[(1,2)@(7,1)-z]-1]
INFO main astar.AbstractAStarSearcher - Completed in 2797 ms with 36406 expansions at rate 13 expansion/ms
INFO main blox.Scape - Loading scape level10.txt
INFO main astar.AbstractAStarSearcher - Starting A* search set for start node:[(1,2)@(9,8)-z]-1 and target (1,8)-z
INFO main astar.AbstractAStarSearcher - A* path found - length 58 - [Move right->node:[(1,2)@(10,8)-x]-1, Move right->node:[(1,1)@(9,8)-z, (1,1)@(12,8)-z]-1, Move left->node:[(1,1)@(9,8)-z, (1,1)@(11,8)-x]-1, Move down->node:[(1,1)@(9,8)-z, (1,1)@(11,7)-x]-1, Move down->node:[(1,1)@(9,8)-z, (1,1)@(11,6)-x]-1, Move down->node:[(1,1)@(11,5)-x, (1,1)@(9,8)-z]-1, Move right->node:[(1,1)@(9,8)-z, (1,1)@(12,5)-z]-1, Move down->node:[(1,1)@(9,8)-z, (1,1)@(12,4)-y]-1, Move down->node:[(1,1)@(9,8)-z, (1,1)@(12,3)-z]-1, Move down->node:[(1,1)@(9,8)-z, (1,1)@(12,2)-y]-1, Move down->node:[(1,1)@(9,8)-z, (1,1)@(12,1)-z]-1, Move down->node:[(1,1)@(12,0)-y, (1,1)@(9,8)-z]-1, Move left->node:[(1,1)@(9,8)-z, (1,1)@(11,0)-y]-1, Move left->node:[(1,1)@(9,8)-z, (1,1)@(10,0)-y]-1, Move left->node:[(1,1)@(9,0)-y, (1,1)@(9,8)-z]-1, Move left->node:[(1,1)@(9,8)-z, (1,1)@(8,0)-y]-1, Move up->node:[(1,1)@(8,1)-z, (1,1)@(9,8)-z]-1, Move left->node:[(1,1)@(9,8)-z, (1,1)@(7,1)-x]-1, Move left->node:[(1,1)@(9,8)-z, (1,1)@(6,1)-z]-1, Move left->node:[(1,1)@(9,8)-z, (1,1)@(5,1)-x]-1, Move down->node:[(1,1)@(9,8)-z, (1,1)@(5,0)-x]-1, Move up->node:[(1,1)@(9,8)-z, (1,1)@(5,1)-x]-11, Move right->node:[(1,1)@(9,8)-z, (1,1)@(6,1)-z]-11, Move right->node:[(1,1)@(9,8)-z, (1,1)@(7,1)-x]-11, Move right->node:[(1,1)@(8,1)-z, (1,1)@(9,8)-z]-11, Move down->node:[(1,1)@(9,8)-z, (1,1)@(8,0)-y]-11, Move right->node:[(1,1)@(9,0)-y, (1,1)@(9,8)-z]-11, Move right->node:[(1,1)@(9,8)-z, (1,1)@(10,0)-y]-11, Move right->node:[(1,1)@(9,8)-z, (1,1)@(11,0)-y]-11, Move up->node:[(1,1)@(11,1)-z, (1,1)@(9,8)-z]-11, Move nextBlock->node:[(1,1)@(11,1)-z, (1,1)@(9,8)-z]-11, Move right->node:[(1,1)@(11,1)-z, (1,1)@(10,8)-x]-11, Move down->node:[(1,1)@(11,1)-z, (1,1)@(10,7)-x]-11, Move right->node:[(1,1)@(11,1)-z, (1,1)@(11,7)-z]-11, Move down->node:[(1,1)@(11,1)-z, (1,1)@(11,6)-y]-11, Move down->node:[(1,1)@(11,1)-z, (1,1)@(11,5)-z]-11, Move right->node:[(1,1)@(11,1)-z, (1,1)@(12,5)-x]-11, Move down->node:[(1,1)@(11,1)-z, (1,1)@(12,4)-x]-11, Move down->node:[(1,1)@(11,1)-z, (1,1)@(12,3)-x]-11, Move down->node:[(1,1)@(11,1)-z, (1,1)@(12,2)-x]-11, Move left->node:[(1,2)@(11,1)-y]-11, Move down->node:[(1,2)@(11,0)-z]-11, Move up->node:[(1,2)@(11,1)-y]-111, Move right->node:[(1,2)@(12,1)-y]-111, Move up->node:[(1,2)@(12,3)-z]-111, Move up->node:[(1,2)@(12,4)-y]-111, Move up->node:[(1,2)@(12,6)-z]-111, Move up->node:[(1,2)@(12,7)-y]-111, Move left->node:[(1,2)@(11,7)-y]-111, Move left->node:[(1,2)@(10,7)-y]-111, Move up->node:[(1,2)@(10,9)-z]-111, Move left->node:[(1,2)@(8,9)-x]-111, Move down->node:[(1,2)@(8,8)-x]-111, Move left->node:[(1,2)@(7,8)-z]-111, Move left->node:[(1,2)@(5,8)-x]-111, Move left->node:[(1,2)@(4,8)-z]-111, Move left->node:[(1,2)@(2,8)-x]-111, Move left->node:[(1,2)@(1,8)-z]-111]
INFO main astar.AbstractAStarSearcher - Completed in 18766 ms with 176535 expansions at rate 9 expansion/ms
INFO main blox.Scape - Loading scape level11.txt
INFO main astar.AbstractAStarSearcher - Starting A* search set for start node:[(1,2)@(0,4)-z]-1 and target (2,8)-z
INFO main astar.AbstractAStarSearcher - A* path found - length 47 - [Move right->node:[(1,2)@(1,4)-x]-1, Move right->node:[(1,2)@(3,4)-z]-1, Move right->node:[(1,2)@(4,4)-x]-1, Move right->node:[(1,2)@(6,4)-z]-1, Move up->node:[(1,2)@(6,5)-y]-1, Move left->node:[(1,2)@(5,5)-y]-1, Move down->node:[(1,2)@(5,4)-z]-1, Move down->node:[(1,2)@(5,2)-y]-1, Move down->node:[(1,2)@(5,1)-z]-1, Move right->node:[(1,2)@(6,1)-x]-1, Move right->node:[(1,2)@(8,1)-z]-1, Move right->node:[(1,2)@(9,1)-x]-1, Move down->node:[(1,2)@(9,0)-x]-1, Move left->node:[(1,2)@(8,0)-z]-1, Move up->node:[(1,2)@(8,1)-y]-1, Move left->node:[(1,2)@(7,1)-y]-1, Move left->node:[(1,2)@(6,1)-y]-1, Move left->node:[(1,2)@(5,1)-y]-1, Move up->node:[(1,2)@(5,3)-z]-1, Move up->node:[(1,2)@(5,4)-y]-1, Move right->node:[(1,2)@(6,4)-y]-1, Move up->node:[(1,2)@(6,6)-z]-1, Move right->node:[(1,2)@(7,6)-x]-1, Move right->node:[(1,2)@(9,6)-z]-1, Move down->node:[(1,2)@(9,4)-y]-1, Move right->node:[(1,2)@(10,4)-y]-1, Move up->node:[(1,2)@(10,6)-z]-1, Move left->node:[(1,2)@(8,6)-x]-1, Move left->node:[(1,2)@(7,6)-z]-1, Move left->node:[(1,2)@(5,6)-x]-1, Move down->node:[(1,2)@(5,5)-x]-1, Move down->node:[(1,2)@(5,4)-x]-1, Move left->node:[(1,2)@(4,4)-z]-1, Move left->node:[(1,2)@(2,4)-x]-1, Move left->node:[(1,2)@(1,4)-z]-1, Move up->node:[(1,2)@(1,5)-y]-1, Move up->node:[(1,2)@(1,7)-z]-1, Move right->node:[(1,2)@(2,7)-x]-1, Move up->node:[(1,2)@(2,8)-x]-1, Move up->node:[(1,2)@(2,9)-x]-1, Move left->node:[(1,2)@(1,9)-z]-1, Move down->node:[(1,2)@(1,7)-y]-1, Move right->node:[(1,2)@(2,7)-y]-1, Move up->node:[(1,2)@(2,9)-z]-1, Move right->node:[(1,2)@(3,9)-x]-1, Move down->node:[(1,2)@(3,8)-x]-1, Move left->node:[(1,2)@(2,8)-z]-1]
INFO main astar.AbstractAStarSearcher - Completed in 16 ms with 399 expansions at rate 24 expansion/ms
INFO main blox.Scape - Loading scape level12.txt
INFO main astar.AbstractAStarSearcher - Starting A* search set for start node:[(1,2)@(2,3)-z]-1 and target (4,5)-z
INFO main astar.AbstractAStarSearcher - A* path found - length 65 - [Move left->node:[(1,2)@(0,3)-x]-1, Move down->node:[(1,2)@(0,2)-x]-1, Move right->node:[(1,2)@(2,2)-z]-1, Move up->node:[(1,2)@(2,3)-y]-1, Move right->node:[(1,2)@(3,3)-y]-1, Move up->node:[(1,2)@(3,5)-z]-1, Move right->node:[(1,2)@(4,5)-x]-1, Move up->node:[(1,2)@(4,6)-x]-1, Move right->node:[(1,2)@(6,6)-z]-1, Move up->node:[(1,2)@(6,7)-y]-1, Move right->node:[(1,2)@(7,7)-y]-1, Move down->node:[(1,2)@(7,6)-z]-1, Move left->node:[(1,2)@(5,6)-x]-1, Move up->node:[(1,2)@(5,7)-x]-1, Move right->node:[(1,2)@(7,7)-z]-1, Move right->node:[(1,2)@(8,7)-x]-1, Move right->node:[(1,2)@(10,7)-z]-1, Move down->node:[(1,2)@(10,5)-y]-1, Move down->node:[(1,2)@(10,4)-z]-1, Move down->node:[(1,2)@(10,2)-y]-1, Move left->node:[(1,2)@(9,2)-y]-1, Move up->node:[(1,2)@(9,4)-z]-1, Move right->node:[(1,2)@(10,4)-x]-1, Move up->node:[(1,2)@(10,5)-x]-1, Move up->node:[(1,2)@(10,6)-x]-1, Move up->node:[(1,2)@(10,7)-x]-1, Move left->node:[(1,2)@(9,7)-z]-1, Move left->node:[(1,2)@(7,7)-x]-1, Move left->node:[(1,2)@(6,7)-z]-1, Move right->node:[(1,2)@(7,7)-x]-11, Move right->node:[(1,2)@(9,7)-z]-11, Move right->node:[(1,2)@(10,7)-x]-11, Move down->node:[(1,2)@(10,6)-x]-11, Move down->node:[(1,2)@(10,5)-x]-11, Move down->node:[(1,2)@(10,4)-x]-11, Move left->node:[(1,2)@(9,4)-z]-11, Move down->node:[(1,2)@(9,2)-y]-11, Move right->node:[(1,2)@(10,2)-y]-11, Move up->node:[(1,2)@(10,4)-z]-11, Move right->node:[(1,2)@(11,4)-x]-11, Move down->node:[(1,2)@(11,3)-x]-11, Move left->node:[(1,2)@(10,3)-z]-11, Move up->node:[(1,2)@(10,4)-y]-11, Move right->node:[(1,2)@(11,4)-y]-11, Move up->node:[(1,2)@(11,6)-z]-11, Move up->node:[(1,2)@(11,7)-y]-11, Move right->node:[(1,2)@(12,7)-y]-11, Move up->node:[(1,2)@(12,9)-z]-11, Move down->node:[(1,2)@(12,7)-y]-111, Move left->node:[(1,2)@(11,7)-y]-111, Move down->node:[(1,2)@(11,6)-z]-111, Move down->node:[(1,2)@(11,4)-y]-111, Move down->node:[(1,2)@(11,3)-z]-111, Move left->node:[(1,2)@(9,3)-x]-111, Move up->node:[(1,2)@(9,4)-x]-111, Move right->node:[(1,2)@(11,4)-z]-111, Move up->node:[(1,2)@(11,5)-y]-111, Move left->node:[(1,2)@(10,5)-y]-111, Move up->node:[(1,2)@(10,7)-z]-111, Move left->node:[(1,2)@(8,7)-x]-111, Move left->node:[(1,2)@(7,7)-z]-111, Move left->node:[(1,2)@(5,7)-x]-111, Move down->node:[(1,2)@(5,6)-x]-111, Move down->node:[(1,2)@(5,5)-x]-111, Move left->node:[(1,2)@(4,5)-z]-111]
INFO main astar.AbstractAStarSearcher - Completed in 31 ms with 710 expansions at rate 22 expansion/ms
INFO main blox.Scape - Loading scape level13.txt
INFO main astar.AbstractAStarSearcher - Starting A* search set for start node:[(1,2)@(12,6)-z]-1 and target (7,5)-z
INFO main astar.AbstractAStarSearcher - A* path found - length 46 - [Move up->node:[(1,2)@(12,7)-y]-1, Move left->node:[(1,2)@(11,7)-y]-1, Move down->node:[(1,2)@(11,6)-z]-1, Move right->node:[(1,2)@(12,6)-x]-1, Move up->node:[(1,2)@(12,7)-x]-1, Move left->node:[(1,2)@(11,7)-z]-1, Move down->node:[(1,2)@(11,5)-y]-1, Move right->node:[(1,2)@(12,5)-y]-1, Move right->node:[(1,2)@(13,5)-y]-1, Move up->node:[(1,2)@(13,7)-z]-1, Move left->node:[(1,2)@(11,7)-x]-1, Move up->node:[(1,2)@(11,8)-x]-1, Move up->node:[(1,2)@(11,9)-x]-1, Move left->node:[(1,2)@(10,9)-z]-1, Move left->node:[(1,2)@(8,9)-x]-1, Move left->node:[(1,2)@(7,9)-z]-1, Move left->node:[(1,2)@(5,9)-x]-1, Move left->node:[(1,2)@(4,9)-z]-1, Move left->node:[(1,2)@(2,9)-x]-1, Move left->node:[(1,2)@(1,9)-z]-1, Move down->node:[(1,2)@(1,7)-y]-1, Move down->node:[(1,2)@(1,6)-z]-1, Move down->node:[(1,2)@(1,4)-y]-1, Move right->node:[(1,2)@(2,4)-y]-1, Move up->node:[(1,2)@(2,6)-z]-1, Move left->node:[(1,2)@(0,6)-x]-1, Move down->node:[(1,2)@(0,5)-x]-1, Move right->node:[(1,2)@(2,5)-z]-1, Move down->node:[(1,2)@(2,3)-y]-1, Move down->node:[(1,2)@(2,2)-z]-1, Move right->node:[(1,2)@(3,2)-x]-1, Move down->node:[(1,2)@(3,1)-x]-1, Move down->node:[(1,2)@(3,0)-x]-1, Move right->node:[(1,2)@(5,0)-z]-1, Move up->node:[(1,2)@(5,1)-y]-1, Move right->node:[(1,2)@(6,1)-y]-1, Move right->node:[(1,2)@(7,1)-y]-1, Move right->node:[(1,2)@(8,1)-y]-1, Move right->node:[(1,2)@(9,1)-y]-1, Move right->node:[(1,2)@(10,1)-y]-1, Move up->node:[(1,2)@(10,3)-z]-1, Move left->node:[(1,2)@(8,3)-x]-1, Move down->node:[(1,2)@(8,2)-x]-1, Move left->node:[(1,2)@(7,2)-z]-1, Move up->node:[(1,2)@(7,3)-y]-1, Move up->node:[(1,2)@(7,5)-z]-1]
INFO main astar.AbstractAStarSearcher - Completed in 15 ms with 292 expansions at rate 19 expansion/ms
INFO main blox.Scape - Loading scape level14.txt
INFO main astar.AbstractAStarSearcher - Starting A* search set for start node:[(1,2)@(4,7)-z]-1 and target (3,1)-z
INFO main astar.AbstractAStarSearcher - A* path found - length 67 - [Move right->node:[(1,2)@(5,7)-x]-1, Move right->node:[(1,2)@(7,7)-z]-1, Move right->node:[(1,2)@(8,7)-x]-1, Move right->node:[(1,2)@(10,7)-z]-1, Move up->node:[(1,2)@(10,8)-y]-1, Move left->node:[(1,2)@(9,8)-y]-1, Move left->node:[(1,2)@(8,8)-y]-1, Move down->node:[(1,2)@(8,7)-z]-1, Move right->node:[(1,2)@(9,7)-x]-1, Move right->node:[(1,2)@(11,7)-z]-1, Move right->node:[(1,2)@(12,7)-x]-1, Move down->node:[(1,2)@(12,6)-x]-1, Move down->node:[(1,2)@(12,5)-x]-1, Move down->node:[(1,2)@(12,4)-x]-1, Move down->node:[(1,2)@(12,3)-x]-1, Move left->node:[(1,2)@(11,3)-z]-1, Move left->node:[(1,2)@(9,3)-x]-1, Move left->node:[(1,2)@(8,3)-z]-1, Move down->node:[(1,2)@(8,1)-y]-1, Move right->node:[(1,2)@(9,1)-y]-1, Move up->node:[(1,2)@(9,3)-z]-1, Move right->node:[(1,2)@(10,3)-x]-1, Move right->node:[(1,2)@(12,3)-z]-1, Move up->node:[(1,2)@(12,4)-y]-1, Move up->node:[(1,2)@(12,6)-z]-1, Move down->node:[(1,2)@(12,4)-y]-11, Move right->node:[(1,2)@(13,4)-y]-11, Move down->node:[(1,2)@(13,3)-z]-11, Move left->node:[(1,2)@(11,3)-x]-11, Move left->node:[(1,2)@(10,3)-z]-11, Move down->node:[(1,2)@(10,1)-y]-11, Move down->node:[(1,2)@(10,0)-z]-11, Move right->node:[(1,2)@(11,0)-x]-11, Move right->node:[(1,2)@(13,0)-z]-11, Move left->node:[(1,2)@(11,0)-x]-111, Move left->node:[(1,2)@(10,0)-z]-111, Move up->node:[(1,2)@(10,1)-y]-111, Move left->node:[(1,2)@(9,1)-y]-111, Move left->node:[(1,2)@(8,1)-y]-111, Move up->node:[(1,2)@(8,3)-z]-111, Move right->node:[(1,2)@(9,3)-x]-111, Move right->node:[(1,2)@(11,3)-z]-111, Move right->node:[(1,2)@(12,3)-x]-111, Move up->node:[(1,2)@(12,4)-x]-111, Move up->node:[(1,2)@(12,5)-x]-111, Move up->node:[(1,2)@(12,6)-x]-111, Move up->node:[(1,2)@(12,7)-x]-111, Move left->node:[(1,2)@(11,7)-z]-111, Move left->node:[(1,2)@(9,7)-x]-111, Move left->node:[(1,2)@(8,7)-z]-111, Move left->node:[(1,2)@(6,7)-x]-111, Move left->node:[(1,2)@(5,7)-z]-111, Move left->node:[(1,2)@(3,7)-x]-111, Move up->node:[(1,2)@(3,8)-x]-111, Move right->node:[(1,2)@(5,8)-z]-111, Move down->node:[(1,2)@(5,6)-y]-111, Move left->node:[(1,2)@(4,6)-y]-111, Move left->node:[(1,2)@(3,6)-y]-111, Move left->node:[(1,2)@(2,6)-y]-111, Move left->node:[(1,2)@(1,6)-y]-111, Move left->node:[(1,2)@(0,6)-y]-111, Move down->node:[(1,2)@(0,5)-z]-111, Move down->node:[(1,2)@(0,3)-y]-111, Move down->node:[(1,2)@(0,2)-z]-111, Move right->node:[(1,2)@(1,2)-x]-111, Move down->node:[(1,2)@(1,1)-x]-111, Move right->node:[(1,2)@(3,1)-z]-111]
INFO main astar.AbstractAStarSearcher - Completed in 32 ms with 993 expansions at rate 31 expansion/ms
INFO main blox.Scape - Loading scape level15.txt
INFO main astar.AbstractAStarSearcher - Starting A* search set for start node:[(1,2)@(1,1)-z]-1 and target (12,1)-z
INFO main astar.AbstractAStarSearcher - A* path found - length 63 - [Move right->node:[(1,2)@(2,1)-x]-1, Move right->node:[(1,2)@(4,1)-z]-1, Move right->node:[(1,2)@(5,1)-x]-1, Move right->node:[(1,2)@(7,1)-z]-1, Move up->node:[(1,2)@(7,2)-y]-1, Move up->node:[(1,1)@(1,1)-z, (1,1)@(13,8)-z]-1, Move left->node:[(1,1)@(1,1)-z, (1,1)@(12,8)-x]-1, Move nextBlock->node:[(1,1)@(1,1)-z, (1,1)@(12,8)-x]-1, Move up->node:[(1,1)@(1,2)-y, (1,1)@(12,8)-x]-1, Move up->node:[(1,1)@(1,3)-z, (1,1)@(12,8)-x]-1, Move up->node:[(1,1)@(1,4)-y, (1,1)@(12,8)-x]-1, Move up->node:[(1,1)@(1,5)-z, (1,1)@(12,8)-x]-1, Move up->node:[(1,1)@(1,6)-y, (1,1)@(12,8)-x]-1, Move right->node:[(1,1)@(12,8)-x, (1,1)@(2,6)-y]-1, Move right->node:[(1,1)@(3,6)-y, (1,1)@(12,8)-x]-1, Move right->node:[(1,1)@(12,8)-x, (1,1)@(4,6)-y]-1, Move up->node:[(1,1)@(4,7)-z, (1,1)@(12,8)-x]-1, Move up->node:[(1,1)@(4,8)-y, (1,1)@(12,8)-x]-1, Move right->node:[(1,1)@(5,8)-y, (1,1)@(12,8)-x]-1, Move right->node:[(1,1)@(6,8)-y, (1,1)@(12,8)-x]-1, Move right->node:[(1,1)@(7,8)-y, (1,1)@(12,8)-x]-1, Move right->node:[(1,1)@(8,8)-y, (1,1)@(12,8)-x]-1, Move down->node:[(1,1)@(8,7)-z, (1,1)@(12,8)-x]-1, Move down->node:[(1,1)@(8,6)-y, (1,1)@(12,8)-x]-1, Move up->node:[(1,1)@(8,7)-z, (1,1)@(12,8)-x]-11, Move left->node:[(1,1)@(7,7)-x, (1,1)@(12,8)-x]-11, Move up->node:[(1,1)@(12,8)-x, (1,1)@(7,8)-x]-11, Move nextBlock->node:[(1,1)@(12,8)-x, (1,1)@(7,8)-x]-11, Move left->node:[(1,1)@(7,8)-x, (1,1)@(11,8)-z]-11, Move left->node:[(1,1)@(10,8)-x, (1,1)@(7,8)-x]-11, Move left->node:[(1,1)@(9,8)-z, (1,1)@(7,8)-x]-11, Move down->node:[(1,1)@(9,7)-y, (1,1)@(7,8)-x]-11, Move left->node:[(1,1)@(7,8)-x, (1,1)@(8,7)-y]-11, Move down->node:[(1,1)@(8,6)-z, (1,1)@(7,8)-x]-11, Move up->node:[(1,1)@(7,8)-x, (1,1)@(8,7)-y]-111, Move nextBlock->node:[(1,1)@(7,8)-x, (1,1)@(8,7)-y]-111, Move left->node:[(1,1)@(6,8)-z, (1,1)@(8,7)-y]-111, Move left->node:[(1,1)@(5,8)-x, (1,1)@(8,7)-y]-111, Move left->node:[(1,1)@(4,8)-z, (1,1)@(8,7)-y]-111, Move down->node:[(1,1)@(4,7)-y, (1,1)@(8,7)-y]-111, Move nextBlock->node:[(1,1)@(4,7)-y, (1,1)@(8,7)-y]-111, Move left->node:[(1,1)@(4,7)-y, (1,1)@(7,7)-y]-111, Move up->node:[(1,1)@(4,7)-y, (1,1)@(7,8)-z]-111, Move left->node:[(1,1)@(4,7)-y, (1,1)@(6,8)-x]-111, Move left->node:[(1,1)@(4,7)-y, (1,1)@(5,8)-z]-111, Move left->node:[(1,2)@(4,7)-y]-111, Move down->node:[(1,2)@(4,6)-z]-111, Move left->node:[(1,2)@(2,6)-x]-111, Move left->node:[(1,2)@(1,6)-z]-111, Move down->node:[(1,2)@(1,4)-y]-111, Move down->node:[(1,2)@(1,3)-z]-111, Move down->node:[(1,2)@(1,1)-y]-111, Move left->node:[(1,2)@(0,1)-y]-111, Move down->node:[(1,2)@(0,0)-z]-111, Move right->node:[(1,2)@(1,0)-x]-111, Move up->node:[(1,2)@(1,1)-x]-111, Move right->node:[(1,2)@(3,1)-z]-111, Move right->node:[(1,2)@(4,1)-x]-111, Move right->node:[(1,2)@(6,1)-z]-111, Move right->node:[(1,2)@(7,1)-x]-111, Move right->node:[(1,2)@(9,1)-z]-111, Move right->node:[(1,2)@(10,1)-x]-111, Move right->node:[(1,2)@(12,1)-z]-111]
INFO main astar.AbstractAStarSearcher - Completed in 13516 ms with 126433 expansions at rate 9 expansion/ms
INFO main blox.Scape - Loading scape level16.txt
INFO main astar.AbstractAStarSearcher - Starting A* search set for start node:[(1,2)@(3,1)-z]-1 and target (11,5)-z
INFO main astar.AbstractAStarSearcher - A* path found - length 33 - [Move right->node:[(1,2)@(4,1)-x]-1, Move right->node:[(1,2)@(6,1)-z]-1, Move right->node:[(1,2)@(7,1)-x]-1, Move right->node:[(1,1)@(1,6)-z, (1,1)@(0,5)-z]-1, Move nextBlock->node:[(1,1)@(1,6)-z, (1,1)@(0,5)-z]-1, Move right->node:[(1,2)@(1,5)-y]-1, Move down->node:[(1,1)@(1,4)-z, (1,1)@(0,5)-z]-1, Move nextBlock->node:[(1,1)@(1,4)-z, (1,1)@(0,5)-z]-1, Move right->node:[(1,2)@(1,4)-y]-1, Move up->node:[(1,1)@(7,5)-z, (1,1)@(5,5)-z]-1, Move nextBlock->node:[(1,1)@(7,5)-z, (1,1)@(5,5)-z]-1, Move right->node:[(1,2)@(6,5)-x]-1, Move left->node:[(1,2)@(5,5)-z]-1, Move left->node:[(1,2)@(3,5)-x]-11, Move left->node:[(1,1)@(2,5)-z, (1,1)@(0,5)-z]-11, Move right->node:[(1,2)@(1,5)-x]-11, Move right->node:[(1,2)@(3,5)-z]-11, Move right->node:[(1,2)@(4,5)-x]-11, Move right->node:[(1,2)@(6,5)-z]-11, Move left->node:[(1,2)@(4,5)-x]-111, Move left->node:[(1,2)@(3,5)-z]-111, Move left->node:[(1,2)@(1,5)-x]-111, Move left->node:[(1,1)@(1,6)-z, (1,1)@(2,5)-z]-111, Move left->node:[(1,2)@(1,5)-y]-111, Move down->node:[(1,1)@(1,4)-z, (1,1)@(0,5)-z]-111, Move nextBlock->node:[(1,1)@(1,4)-z, (1,1)@(0,5)-z]-111, Move right->node:[(1,2)@(1,4)-y]-111, Move up->node:[(1,1)@(7,5)-z, (1,1)@(5,5)-z]-111, Move nextBlock->node:[(1,1)@(7,5)-z, (1,1)@(5,5)-z]-111, Move right->node:[(1,2)@(6,5)-x]-111, Move right->node:[(1,2)@(8,5)-z]-111, Move right->node:[(1,2)@(9,5)-x]-111, Move right->node:[(1,2)@(11,5)-z]-111]
INFO main astar.AbstractAStarSearcher - Completed in 47 ms with 1093 expansions at rate 23 expansion/ms
INFO main blox.Scape - Loading scape level17.txt
INFO main astar.AbstractAStarSearcher - Starting A* search set for start node:[(1,2)@(1,8)-z]-1 and target (13,7)-z
INFO main astar.AbstractAStarSearcher - A* path found - length 106 - [Move down->node:[(1,2)@(1,6)-y]-1, Move down->node:[(1,2)@(1,5)-z]-1, Move down->node:[(1,2)@(1,3)-y]-1, Move left->node:[(1,2)@(0,3)-y]-1, Move down->node:[(1,2)@(0,2)-z]-1, Move right->node:[(1,2)@(1,2)-x]-1, Move down->node:[(1,2)@(1,1)-x]-1, Move up->node:[(1,2)@(1,2)-x]-11, Move right->node:[(1,2)@(3,2)-z]-11, Move right->node:[(1,2)@(4,2)-x]-11, Move right->node:[(1,2)@(6,2)-z]-11, Move right->node:[(1,2)@(7,2)-x]-11, Move up->node:[(1,2)@(7,3)-x]-11, Move right->node:[(1,2)@(9,3)-z]-11, Move right->node:[(1,2)@(10,3)-x]-11, Move right->node:[(1,2)@(12,3)-z]-11, Move left->node:[(1,2)@(10,3)-x]-111, Move left->node:[(1,2)@(9,3)-z]-111, Move left->node:[(1,2)@(7,3)-x]-111, Move down->node:[(1,2)@(7,2)-x]-111, Move left->node:[(1,2)@(6,2)-z]-111, Move left->node:[(1,2)@(4,2)-x]-111, Move left->node:[(1,2)@(3,2)-z]-111, Move left->node:[(1,2)@(1,2)-x]-111, Move up->node:[(1,2)@(1,3)-x]-111, Move up->node:[(1,2)@(1,4)-x]-111, Move up->node:[(1,2)@(1,5)-x]-111, Move up->node:[(1,2)@(1,6)-x]-111, Move up->node:[(1,2)@(1,7)-x]-111, Move up->node:[(1,2)@(1,8)-x]-111, Move right->node:[(1,2)@(3,8)-z]-111, Move right->node:[(1,2)@(4,8)-x]-111, Move right->node:[(1,2)@(6,8)-z]-111, Move right->node:[(1,2)@(7,8)-x]-111, Move down->node:[(1,2)@(7,7)-x]-111, Move right->node:[(1,2)@(9,7)-z]-111, Move right->node:[(1,2)@(10,7)-x]-111, Move right->node:[(1,2)@(12,7)-z]-111, Move right->node:[(1,2)@(13,7)-x]-111, Move down->node:[(1,2)@(13,6)-x]-111, Move left->node:[(1,2)@(12,6)-z]-111, Move up->node:[(1,2)@(12,7)-y]-1111, Move right->node:[(1,2)@(13,7)-y]-1111, Move down->node:[(1,2)@(13,6)-z]-1111, Move up->node:[(1,2)@(13,7)-y]-11111, Move right->node:[(1,2)@(14,7)-y]-11111, Move down->node:[(1,2)@(14,6)-z]-11111, Move left->node:[(1,2)@(12,6)-x]-11111, Move up->node:[(1,2)@(12,7)-x]-11111, Move up->node:[(1,2)@(12,8)-x]-11111, Move right->node:[(1,2)@(14,8)-z]-11111, Move down->node:[(1,2)@(14,6)-y]-11111, Move left->node:[(1,2)@(13,6)-y]-11111, Move left->node:[(1,2)@(12,6)-y]-11111, Move up->node:[(1,2)@(12,8)-z]-11111, Move right->node:[(1,2)@(13,8)-x]-11111, Move down->node:[(1,2)@(13,7)-x]-11111, Move left->node:[(1,2)@(12,7)-z]-11111, Move left->node:[(1,2)@(10,7)-x]-11111, Move left->node:[(1,2)@(9,7)-z]-11111, Move left->node:[(1,2)@(7,7)-x]-11111, Move up->node:[(1,2)@(7,8)-x]-11111, Move left->node:[(1,2)@(6,8)-z]-11111, Move left->node:[(1,2)@(4,8)-x]-11111, Move left->node:[(1,2)@(3,8)-z]-11111, Move left->node:[(1,2)@(1,8)-x]-11111, Move down->node:[(1,2)@(1,7)-x]-11111, Move down->node:[(1,2)@(1,6)-x]-11111, Move down->node:[(1,2)@(1,5)-x]-11111, Move down->node:[(1,2)@(1,4)-x]-11111, Move down->node:[(1,2)@(1,3)-x]-11111, Move down->node:[(1,2)@(1,2)-x]-11111, Move right->node:[(1,2)@(3,2)-z]-11111, Move right->node:[(1,2)@(4,2)-x]-11111, Move right->node:[(1,2)@(6,2)-z]-11111, Move right->node:[(1,2)@(7,2)-x]-11111, Move up->node:[(1,2)@(7,3)-x]-11111, Move right->node:[(1,2)@(9,3)-z]-11111, Move right->node:[(1,2)@(10,3)-x]-11111, Move right->node:[(1,2)@(12,3)-z]-11111, Move down->node:[(1,2)@(12,1)-y]-111111, Move down->node:[(1,2)@(12,0)-z]-111111, Move up->node:[(1,2)@(12,1)-y]-1111111, Move left->node:[(1,2)@(11,1)-y]-1111111, Move up->node:[(1,2)@(11,3)-z]-1111111, Move left->node:[(1,2)@(9,3)-x]-1111111, Move left->node:[(1,2)@(8,3)-z]-1111111, Move left->node:[(1,2)@(6,3)-x]-1111111, Move down->node:[(1,2)@(6,2)-x]-1111111, Move left->node:[(1,2)@(5,2)-z]-1111111, Move left->node:[(1,2)@(3,2)-x]-1111111, Move left->node:[(1,2)@(2,2)-z]-1111111, Move up->node:[(1,2)@(2,3)-y]-1111111, Move up->node:[(1,2)@(2,5)-z]-1111111, Move up->node:[(1,2)@(2,6)-y]-1111111, Move left->node:[(1,2)@(1,6)-y]-1111111, Move up->node:[(1,2)@(1,8)-z]-1111111, Move right->node:[(1,2)@(2,8)-x]-1111111, Move right->node:[(1,2)@(4,8)-z]-1111111, Move right->node:[(1,2)@(5,8)-x]-1111111, Move right->node:[(1,2)@(7,8)-z]-1111111, Move right->node:[(1,2)@(8,8)-x]-1111111, Move down->node:[(1,2)@(8,7)-x]-1111111, Move right->node:[(1,2)@(10,7)-z]-1111111, Move right->node:[(1,2)@(11,7)-x]-1111111, Move right->node:[(1,2)@(13,7)-z]-1111111]
INFO main astar.AbstractAStarSearcher - Completed in 140 ms with 2441 expansions at rate 17 expansion/ms
INFO main blox.Scape - Loading scape level18.txt
INFO main astar.AbstractAStarSearcher - Starting A* search set for start node:[(1,2)@(2,5)-z]-1 and target (12,1)-z
INFO main astar.AbstractAStarSearcher - A* path found - length 85 - [Move up->node:[(1,2)@(2,6)-y]-1, Move left->node:[(1,2)@(1,6)-y]-11, Move down->node:[(1,2)@(1,5)-z]-11, Move right->node:[(1,2)@(2,5)-x]-111, Move right->node:[(1,2)@(4,5)-z]-111, Move right->node:[(1,2)@(5,5)-x]-111, Move right->node:[(1,2)@(7,5)-z]-111, Move up->node:[(1,2)@(7,6)-y]-111, Move up->node:[(1,2)@(7,8)-z]-111, Move down->node:[(1,2)@(7,6)-y]-1111, Move down->node:[(1,2)@(7,5)-z]-1111, Move left->node:[(1,2)@(5,5)-x]-1111, Move left->node:[(1,2)@(4,5)-z]-1111, Move left->node:[(1,2)@(2,5)-x]-1111, Move up->node:[(1,2)@(2,6)-x]-1111, Move right->node:[(1,2)@(4,6)-z]-1111, Move down->node:[(1,2)@(4,4)-y]-1111, Move left->node:[(1,2)@(3,4)-y]-1111, Move left->node:[(1,2)@(2,4)-y]-1111, Move up->node:[(1,2)@(2,6)-z]-1111, Move right->node:[(1,2)@(3,6)-x]-1111, Move down->node:[(1,2)@(3,5)-x]-1111, Move right->node:[(1,2)@(5,5)-z]-1111, Move right->node:[(1,2)@(6,5)-x]-1111, Move right->node:[(1,2)@(8,5)-z]-1111, Move down->node:[(1,2)@(8,3)-y]-1111, Move down->node:[(1,2)@(8,2)-z]-1111, Move up->node:[(1,2)@(8,3)-y]-11111, Move up->node:[(1,2)@(8,5)-z]-11111, Move left->node:[(1,2)@(6,5)-x]-11111, Move left->node:[(1,2)@(5,5)-z]-11111, Move left->node:[(1,2)@(3,5)-x]-11111, Move up->node:[(1,2)@(3,6)-x]-11111, Move left->node:[(1,2)@(2,6)-z]-11111, Move down->node:[(1,2)@(2,4)-y]-11111, Move right->node:[(1,2)@(3,4)-y]-11111, Move up->node:[(1,2)@(3,6)-z]-11111, Move left->node:[(1,2)@(1,6)-x]-11111, Move left->node:[(1,2)@(0,6)-z]-11111, Move down->node:[(1,2)@(0,4)-y]-11111, Move down->node:[(1,2)@(0,3)-z]-11111, Move down->node:[(1,2)@(0,1)-y]-11111, Move down->node:[(1,2)@(0,0)-z]-11111, Move right->node:[(1,2)@(1,0)-x]-11111, Move right->node:[(1,2)@(3,0)-z]-11111, Move left->node:[(1,2)@(1,0)-x]-111111, Move left->node:[(1,2)@(0,0)-z]-111111, Move up->node:[(1,2)@(0,1)-y]-111111, Move up->node:[(1,2)@(0,3)-z]-111111, Move up->node:[(1,2)@(0,4)-y]-111111, Move up->node:[(1,2)@(0,6)-z]-111111, Move right->node:[(1,2)@(1,6)-x]-111111, Move right->node:[(1,2)@(3,6)-z]-111111, Move down->node:[(1,2)@(3,4)-y]-111111, Move right->node:[(1,2)@(4,4)-y]-111111, Move up->node:[(1,2)@(4,6)-z]-111111, Move left->node:[(1,2)@(2,6)-x]-111111, Move down->node:[(1,2)@(2,5)-x]-111111, Move down->node:[(1,2)@(2,4)-x]-111111, Move right->node:[(1,2)@(4,4)-z]-111111, Move up->node:[(1,2)@(4,5)-y]-111111, Move left->node:[(1,2)@(3,5)-y]-111111, Move down->node:[(1,2)@(3,4)-z]-111111, Move right->node:[(1,2)@(4,4)-x]-111111, Move up->node:[(1,2)@(4,5)-x]-111111, Move right->node:[(1,2)@(6,5)-z]-111111, Move right->node:[(1,2)@(7,5)-x]-111111, Move right->node:[(1,2)@(9,5)-z]-111111, Move right->node:[(1,2)@(10,5)-x]-111111, Move right->node:[(1,2)@(12,5)-z]-111111, Move down->node:[(1,2)@(12,3)-y]-111111, Move down->node:[(1,2)@(12,2)-z]-111111, Move down->node:[(1,2)@(12,0)-y]-111111, Move right->node:[(1,2)@(13,0)-y]-111111, Move up->node:[(1,2)@(13,2)-z]-111111, Move left->node:[(1,2)@(11,2)-x]-111111, Move down->node:[(1,2)@(11,1)-x]-111111, Move down->node:[(1,2)@(11,0)-x]-111111, Move right->node:[(1,2)@(13,0)-z]-111111, Move up->node:[(1,2)@(13,1)-y]-111111, Move left->node:[(1,2)@(12,1)-y]-111111, Move down->node:[(1,2)@(12,0)-z]-111111, Move left->node:[(1,2)@(10,0)-x]-111111, Move up->node:[(1,2)@(10,1)-x]-111111, Move right->node:[(1,2)@(12,1)-z]-111111]
INFO main astar.AbstractAStarSearcher - Completed in 94 ms with 1652 expansions at rate 17 expansion/ms
INFO main blox.Scape - Loading scape level19.txt
INFO main astar.AbstractAStarSearcher - Starting A* search set for start node:[(1,2)@(1,9)-z]-1 and target (1,3)-z
INFO main astar.AbstractAStarSearcher - A* path found - length 67 - [Move right->node:[(1,2)@(2,9)-x]-1, Move right->node:[(1,2)@(4,9)-z]-1, Move right->node:[(1,2)@(5,9)-x]-1, Move right->node:[(1,2)@(7,9)-z]-1, Move right->node:[(1,2)@(8,9)-x]-1, Move right->node:[(1,2)@(10,9)-z]-1, Move right->node:[(1,2)@(11,9)-x]-11, Move right->node:[(1,2)@(13,9)-z]-11, Move down->node:[(1,2)@(13,7)-y]-11, Move right->node:[(1,2)@(14,7)-y]-11, Move up->node:[(1,2)@(14,9)-z]-11, Move left->node:[(1,2)@(12,9)-x]-11, Move left->node:[(1,2)@(11,9)-z]-11, Move left->node:[(1,2)@(9,9)-x]-11, Move left->node:[(1,2)@(8,9)-z]-111, Move left->node:[(1,2)@(6,9)-x]-111, Move left->node:[(1,2)@(5,9)-z]-111, Move down->node:[(1,2)@(5,7)-y]-111, Move right->node:[(1,2)@(6,7)-y]-111, Move up->node:[(1,2)@(6,9)-z]-111, Move right->node:[(1,2)@(7,9)-x]-111, Move right->node:[(1,2)@(9,9)-z]-111, Move right->node:[(1,2)@(10,9)-x]-111, Move right->node:[(1,2)@(12,9)-z]-1111, Move right->node:[(1,2)@(13,9)-x]-1111, Move down->node:[(1,2)@(13,8)-x]-1111, Move down->node:[(1,2)@(13,7)-x]-1111, Move down->node:[(1,2)@(13,6)-x]-1111, Move down->node:[(1,2)@(13,5)-x]-1111, Move down->node:[(1,2)@(13,4)-x]-1111, Move left->node:[(1,2)@(12,4)-z]-1111, Move left->node:[(1,2)@(10,4)-x]-1111, Move left->node:[(1,2)@(9,4)-z]-11111, Move left->node:[(1,2)@(7,4)-x]-11111, Move left->node:[(1,2)@(6,4)-z]-11111, Move down->node:[(1,2)@(6,2)-y]-11111, Move left->node:[(1,2)@(5,2)-y]-11111, Move up->node:[(1,2)@(5,4)-z]-11111, Move right->node:[(1,2)@(6,4)-x]-11111, Move right->node:[(1,2)@(8,4)-z]-11111, Move right->node:[(1,2)@(9,4)-x]-11111, Move right->node:[(1,2)@(11,4)-z]-111111, Move right->node:[(1,2)@(12,4)-x]-111111, Move right->node:[(1,2)@(14,4)-z]-111111, Move up->node:[(1,2)@(14,5)-y]-111111, Move left->node:[(1,2)@(13,5)-y]-111111, Move down->node:[(1,2)@(13,4)-z]-111111, Move left->node:[(1,2)@(11,4)-x]-111111, Move left->node:[(1,2)@(10,4)-z]-111111, Move left->node:[(1,2)@(8,4)-x]-1111111, Move left->node:[(1,2)@(7,4)-z]-1111111, Move left->node:[(1,2)@(5,4)-x]-1111111, Move down->node:[(1,2)@(5,3)-x]-1111111, Move down->node:[(1,2)@(5,2)-x]-1111111, Move down->node:[(1,2)@(5,1)-x]-1111111, Move down->node:[(1,2)@(5,0)-x]-1111111, Move right->node:[(1,2)@(7,0)-z]-1111111, Move right->node:[(1,2)@(8,0)-x]-1111111, Move right->node:[(1,2)@(10,0)-z]-1111111, Move left->node:[(1,2)@(8,0)-x]-11111111, Move left->node:[(1,2)@(7,0)-z]-11111111, Move left->node:[(1,2)@(5,0)-x]-11111111, Move left->node:[(1,2)@(4,0)-z]-11111111, Move left->node:[(1,2)@(2,0)-x]-11111111, Move left->node:[(1,2)@(1,0)-z]-11111111, Move up->node:[(1,2)@(1,1)-y]-11111111, Move up->node:[(1,2)@(1,3)-z]-11111111]
INFO main astar.AbstractAStarSearcher - Completed in 16 ms with 456 expansions at rate 28 expansion/ms
INFO main blox.Scape - Loading scape level20.txt
INFO main astar.AbstractAStarSearcher - Starting A* search set for start node:[(1,2)@(8,7)-z]-1 and target (13,1)-z
INFO main astar.AbstractAStarSearcher - A* path found - length 58 - [Move down->node:[(1,2)@(8,5)-y]-1, Move left->node:[(1,2)@(7,5)-y]-1, Move down->node:[(1,2)@(7,4)-z]-1, Move right->node:[(1,2)@(8,4)-x]-1, Move down->node:[(1,2)@(8,3)-x]-1, Move left->node:[(1,2)@(7,3)-z]-1, Move up->node:[(1,2)@(7,4)-y]-1, Move up->node:[(1,2)@(7,6)-z]-1, Move right->node:[(1,2)@(8,6)-x]-1, Move up->node:[(1,2)@(8,7)-x]-1, Move up->node:[(1,2)@(8,8)-x]-1, Move left->node:[(1,2)@(7,8)-z]-1, Move left->node:[(1,2)@(5,8)-x]-1, Move left->node:[(1,2)@(4,8)-z]-1, Move down->node:[(1,2)@(4,6)-y]-1, Move left->node:[(1,2)@(3,6)-y]-1, Move left->node:[(1,2)@(2,6)-y]-1, Move up->node:[(1,2)@(2,8)-z]-1, Move right->node:[(1,2)@(3,8)-x]-1, Move down->node:[(1,2)@(3,7)-x]-1, Move down->node:[(1,2)@(3,6)-x]-1, Move left->node:[(1,2)@(2,6)-z]-1, Move down->node:[(1,2)@(2,4)-y]-1, Move down->node:[(1,2)@(2,3)-z]-1, Move left->node:[(1,2)@(0,3)-x]-1, Move down->node:[(1,2)@(0,2)-x]-1, Move up->node:[(1,2)@(0,3)-x]-11, Move right->node:[(1,2)@(2,3)-z]-11, Move up->node:[(1,2)@(2,4)-y]-11, Move up->node:[(1,2)@(2,6)-z]-11, Move right->node:[(1,2)@(3,6)-x]-11, Move up->node:[(1,2)@(3,7)-x]-11, Move up->node:[(1,2)@(3,8)-x]-11, Move right->node:[(1,2)@(5,8)-z]-11, Move right->node:[(1,2)@(6,8)-x]-11, Move right->node:[(1,2)@(8,8)-z]-11, Move down->node:[(1,2)@(8,6)-y]-11, Move left->node:[(1,2)@(7,6)-y]-11, Move down->node:[(1,1)@(13,2)-z, (1,1)@(13,8)-z]-111, Move left->node:[(1,1)@(13,2)-z, (1,1)@(12,8)-x]-111, Move left->node:[(1,1)@(13,2)-z, (1,1)@(11,8)-z]-111, Move left->node:[(1,1)@(10,8)-x, (1,1)@(13,2)-z]-111, Move left->node:[(1,1)@(9,8)-z, (1,1)@(13,2)-z]-111, Move down->node:[(1,1)@(9,7)-y, (1,1)@(13,2)-z]-111, Move down->node:[(1,1)@(13,2)-z, (1,1)@(9,6)-z]-111, Move down->node:[(1,1)@(9,5)-y, (1,1)@(13,2)-z]-111, Move down->node:[(1,1)@(9,4)-z, (1,1)@(13,2)-z]-1111, Move down->node:[(1,1)@(9,3)-y, (1,1)@(13,2)-z]-1111, Move nextBlock->node:[(1,1)@(9,3)-y, (1,1)@(13,2)-z]-1111, Move left->node:[(1,1)@(9,3)-y, (1,1)@(12,2)-x]-1111, Move up->node:[(1,1)@(12,3)-x, (1,1)@(9,3)-y]-1111, Move down->node:[(1,1)@(9,3)-y, (1,1)@(12,2)-x]-11111, Move nextBlock->node:[(1,1)@(9,3)-y, (1,1)@(12,2)-x]-11111, Move right->node:[(1,1)@(12,2)-x, (1,1)@(10,3)-y]-11111, Move right->node:[(1,1)@(12,2)-x, (1,1)@(11,3)-y]-11111, Move right->node:[(1,2)@(12,2)-y]-11111, Move right->node:[(1,2)@(13,2)-y]-111111, Move down->node:[(1,2)@(13,1)-z]-111111]
INFO main astar.AbstractAStarSearcher - Completed in 36985 ms with 233072 expansions at rate 6 expansion/ms
INFO main blox.Scape - Loading scape level21.txt
INFO main astar.AbstractAStarSearcher - Starting A* search set for start node:[(1,2)@(1,6)-z]-1 and target (13,4)-z
INFO main astar.AbstractAStarSearcher - A* path found - length 72 - [Move right->node:[(1,2)@(2,6)-x]-1, Move down->node:[(1,2)@(2,5)-x]-1, Move left->node:[(1,2)@(1,5)-z]-1, Move up->node:[(1,2)@(1,6)-y]-1, Move left->node:[(1,2)@(0,6)-y]-1, Move down->node:[(1,2)@(0,5)-z]-1, Move right->node:[(1,2)@(1,5)-x]-1, Move up->node:[(1,2)@(1,6)-x]-1, Move right->node:[(1,2)@(3,6)-z]-1, Move right->node:[(1,2)@(4,6)-x]-1, Move up->node:[(1,2)@(4,7)-x]-1, Move right->node:[(1,2)@(6,7)-z]-1, Move right->node:[(1,2)@(7,7)-x]-1, Move right->node:[(1,2)@(9,7)-z]-1, Move up->node:[(1,2)@(9,8)-y]-1, Move left->node:[(1,2)@(8,8)-y]-1, Move down->node:[(1,2)@(8,7)-z]-1, Move down->node:[(1,2)@(8,5)-y]-1, Move down->node:[(1,2)@(8,4)-z]-1, Move up->node:[(1,2)@(8,5)-y]-11, Move up->node:[(1,2)@(8,7)-z]-11, Move up->node:[(1,2)@(8,8)-y]-11, Move right->node:[(1,2)@(9,8)-y]-11, Move down->node:[(1,2)@(9,7)-z]-11, Move left->node:[(1,2)@(7,7)-x]-11, Move left->node:[(1,2)@(6,7)-z]-11, Move left->node:[(1,2)@(4,7)-x]-11, Move down->node:[(1,2)@(4,6)-x]-11, Move left->node:[(1,2)@(3,6)-z]-11, Move left->node:[(1,2)@(1,6)-x]-11, Move down->node:[(1,2)@(1,5)-x]-11, Move left->node:[(1,2)@(0,5)-z]-11, Move up->node:[(1,2)@(0,6)-y]-11, Move right->node:[(1,2)@(1,6)-y]-11, Move down->node:[(1,2)@(1,5)-z]-11, Move right->node:[(1,2)@(2,5)-x]-11, Move up->node:[(1,2)@(2,6)-x]-11, Move left->node:[(1,2)@(1,6)-z]-11, Move down->node:[(1,2)@(1,4)-y]-11, Move right->node:[(1,2)@(2,4)-y]-11, Move up->node:[(1,2)@(2,6)-z]-11, Move left->node:[(1,2)@(0,6)-x]-11, Move down->node:[(1,2)@(0,5)-x]-11, Move right->node:[(1,2)@(2,5)-z]-11, Move down->node:[(1,2)@(2,3)-y]-11, Move down->node:[(1,2)@(2,2)-z]-11, Move right->node:[(1,2)@(3,2)-x]-11, Move down->node:[(1,2)@(3,1)-x]-11, Move down->node:[(1,2)@(3,0)-x]-11, Move right->node:[(1,2)@(5,0)-z]-11, Move right->node:[(1,2)@(6,0)-x]-11, Move right->node:[(1,2)@(8,0)-z]-11, Move up->node:[(1,2)@(8,1)-y]-11, Move right->node:[(1,2)@(9,1)-y]-11, Move down->node:[(1,2)@(9,0)-z]-11, Move left->node:[(1,2)@(7,0)-x]-11, Move left->node:[(1,2)@(6,0)-z]-11, Move left->node:[(1,2)@(4,0)-x]-11, Move left->node:[(1,2)@(3,0)-z]-11, Move up->node:[(1,2)@(3,1)-y]-11, Move right->node:[(1,2)@(4,1)-y]-11, Move down->node:[(1,2)@(4,0)-z]-11, Move right->node:[(1,2)@(5,0)-x]-11, Move right->node:[(1,2)@(7,0)-z]-11, Move right->node:[(1,2)@(8,0)-x]-11, Move up->node:[(1,2)@(8,1)-x]-11, Move up->node:[(1,2)@(8,2)-x]-11, Move up->node:[(1,2)@(8,3)-x]-11, Move up->node:[(1,2)@(8,4)-x]-11, Move right->node:[(1,2)@(10,4)-z]-11, Move right->node:[(1,2)@(11,4)-x]-11, Move right->node:[(1,2)@(13,4)-z]-11]
INFO main astar.AbstractAStarSearcher - Completed in 47 ms with 496 expansions at rate 10 expansion/ms
INFO main blox.Scape - Loading scape level22.txt
INFO main astar.AbstractAStarSearcher - Starting A* search set for start node:[(1,2)@(1,6)-z]-1 and target (12,8)-z
INFO main astar.AbstractAStarSearcher - A* path found - length 65 - [Move right->node:[(1,2)@(2,6)-x]-1, Move up->node:[(1,2)@(2,7)-x]-1, Move right->node:[(1,2)@(4,7)-z]-1, Move right->node:[(1,2)@(5,7)-x]-1, Move right->node:[(1,2)@(7,7)-z]-11, Move right->node:[(1,2)@(8,7)-x]-11, Move down->node:[(1,2)@(8,6)-x]-11, Move right->node:[(1,2)@(10,6)-z]-11, Move down->node:[(1,2)@(10,4)-y]-11, Move down->node:[(1,2)@(10,3)-z]-11, Move down->node:[(1,2)@(10,1)-y]-11, Move left->node:[(1,2)@(9,1)-y]-11, Move down->node:[(1,2)@(9,0)-z]-11, Move up->node:[(1,2)@(9,1)-y]-111, Move right->node:[(1,2)@(10,1)-y]-111, Move up->node:[(1,2)@(10,3)-z]-111, Move up->node:[(1,2)@(10,4)-y]-111, Move up->node:[(1,2)@(10,6)-z]-111, Move left->node:[(1,2)@(8,6)-x]-111, Move up->node:[(1,2)@(8,7)-x]-111, Move right->node:[(1,2)@(10,7)-z]-111, Move down->node:[(1,2)@(10,5)-y]-111, Move left->node:[(1,2)@(9,5)-y]-111, Move up->node:[(1,2)@(9,7)-z]-111, Move left->node:[(1,2)@(7,7)-x]-111, Move up->node:[(1,2)@(7,8)-x]-111, Move left->node:[(1,2)@(6,8)-z]-111, Move left->node:[(1,2)@(4,8)-x]-111, Move down->node:[(1,2)@(4,7)-x]-111, Move left->node:[(1,2)@(3,7)-z]-111, Move left->node:[(1,2)@(1,7)-x]-111, Move left->node:[(1,2)@(0,7)-z]-111, Move down->node:[(1,2)@(0,5)-y]-111, Move right->node:[(1,2)@(1,5)-y]-111, Move up->node:[(1,2)@(1,7)-z]-111, Move right->node:[(1,2)@(2,7)-x]-111, Move down->node:[(1,2)@(2,6)-x]-111, Move left->node:[(1,2)@(1,6)-z]-111, Move down->node:[(1,2)@(1,4)-y]-111, Move down->node:[(1,2)@(1,3)-z]-111, Move down->node:[(1,2)@(1,1)-y]-111, Move right->node:[(1,2)@(2,1)-y]-111, Move down->node:[(1,2)@(2,0)-z]-111, Move up->node:[(1,2)@(2,1)-y]-1111, Move left->node:[(1,2)@(1,1)-y]-1111, Move up->node:[(1,2)@(1,3)-z]-1111, Move up->node:[(1,2)@(1,4)-y]-1111, Move up->node:[(1,2)@(1,6)-z]-1111, Move right->node:[(1,2)@(2,6)-x]-1111, Move up->node:[(1,2)@(2,7)-x]-1111, Move left->node:[(1,2)@(1,7)-z]-1111, Move down->node:[(1,2)@(1,5)-y]-1111, Move right->node:[(1,2)@(2,5)-y]-1111, Move up->node:[(1,2)@(2,7)-z]-1111, Move right->node:[(1,2)@(3,7)-x]-1111, Move up->node:[(1,2)@(3,8)-x]-1111, Move right->node:[(1,2)@(5,8)-z]-1111, Move right->node:[(1,2)@(6,8)-x]-1111, Move right->node:[(1,2)@(8,8)-z]-1111, Move down->node:[(1,2)@(8,6)-y]-1111, Move right->node:[(1,2)@(9,6)-y]-1111, Move right->node:[(1,2)@(10,6)-y]-1111, Move right->node:[(1,2)@(11,6)-y]-1111, Move right->node:[(1,2)@(12,6)-y]-1111, Move up->node:[(1,2)@(12,8)-z]-1111]
INFO main astar.AbstractAStarSearcher - Completed in 31 ms with 807 expansions at rate 26 expansion/ms
INFO main blox.Scape - Loading scape level23.txt
INFO main astar.AbstractAStarSearcher - Starting A* search set for start node:[(1,2)@(4,2)-z]-1 and target (8,6)-z
INFO main astar.AbstractAStarSearcher - A* path found - length 75 - [Move right->node:[(1,2)@(5,2)-x]-1, Move down->node:[(1,2)@(5,1)-x]-1, Move down->node:[(1,2)@(5,0)-x]-1, Move right->node:[(1,2)@(7,0)-z]-1, Move up->node:[(1,2)@(7,1)-y]-1, Move right->node:[(1,2)@(8,1)-y]-1, Move right->node:[(1,2)@(9,1)-y]-1, Move right->node:[(1,2)@(10,1)-y]-1, Move right->node:[(1,2)@(11,1)-y]-1, Move right->node:[(1,2)@(12,1)-y]-1, Move up->node:[(1,2)@(12,3)-z]-1, Move left->node:[(1,2)@(10,3)-x]-1, Move down->node:[(1,2)@(10,2)-x]-1, Move right->node:[(1,1)@(12,2)-z, (1,1)@(2,7)-z]-1, Move left->node:[(1,1)@(2,7)-z, (1,1)@(11,2)-x]-1, Move up->node:[(1,1)@(2,7)-z, (1,1)@(11,3)-x]-1, Move left->node:[(1,1)@(10,3)-z, (1,1)@(2,7)-z]-1, Move left->node:[(1,1)@(9,3)-x, (1,1)@(2,7)-z]-1, Move up->node:[(1,1)@(9,4)-x, (1,1)@(2,7)-z]-1, Move up->node:[(1,1)@(9,5)-x, (1,1)@(2,7)-z]-1, Move up->node:[(1,1)@(9,6)-x, (1,1)@(2,7)-z]-1, Move up->node:[(1,1)@(2,7)-z, (1,1)@(9,7)-x]-1, Move right->node:[(1,1)@(10,7)-z, (1,1)@(2,7)-z]-1, Move right->node:[(1,1)@(11,7)-x, (1,1)@(2,7)-z]-1, Move right->node:[(1,1)@(12,7)-z, (1,1)@(2,7)-z]-1, Move up->node:[(1,1)@(12,8)-y, (1,1)@(2,7)-z]-1, Move right->node:[(1,1)@(13,8)-y, (1,1)@(2,7)-z]-1, Move down->node:[(1,1)@(13,7)-z, (1,1)@(2,7)-z]-11, Move left->node:[(1,1)@(12,7)-x, (1,1)@(2,7)-z]-11, Move left->node:[(1,1)@(11,7)-z, (1,1)@(2,7)-z]-11, Move left->node:[(1,1)@(10,7)-x, (1,1)@(2,7)-z]-11, Move left->node:[(1,1)@(9,7)-z, (1,1)@(2,7)-z]-11, Move down->node:[(1,1)@(9,6)-y, (1,1)@(2,7)-z]-11, Move down->node:[(1,1)@(9,5)-z, (1,1)@(2,7)-z]-11, Move down->node:[(1,1)@(9,4)-y, (1,1)@(2,7)-z]-11, Move down->node:[(1,1)@(9,3)-z, (1,1)@(2,7)-z]-11, Move left->node:[(1,1)@(8,3)-x, (1,1)@(2,7)-z]-11, Move left->node:[(1,1)@(7,3)-z, (1,1)@(2,7)-z]-11, Move left->node:[(1,1)@(6,3)-x, (1,1)@(2,7)-z]-11, Move left->node:[(1,1)@(5,3)-z, (1,1)@(2,7)-z]-11, Move left->node:[(1,1)@(4,3)-x, (1,1)@(2,7)-z]-11, Move left->node:[(1,1)@(3,3)-z, (1,1)@(2,7)-z]-11, Move left->node:[(1,1)@(2,3)-x, (1,1)@(2,7)-z]-11, Move left->node:[(1,1)@(1,3)-z, (1,1)@(2,7)-z]-11, Move left->node:[(1,1)@(0,3)-x, (1,1)@(2,7)-z]-11, Move up->node:[(1,1)@(0,4)-x, (1,1)@(2,7)-z]-11, Move up->node:[(1,1)@(0,5)-x, (1,1)@(2,7)-z]-111, Move up->node:[(1,1)@(0,6)-x, (1,1)@(2,7)-z]-111, Move right->node:[(1,1)@(1,6)-z, (1,1)@(2,7)-z]-111, Move right->node:[(1,2)@(2,6)-y]-111, Move up->node:[(1,2)@(2,8)-z]-111, Move down->node:[(1,2)@(2,6)-y]-1111, Move left->node:[(1,2)@(1,6)-y]-1111, Move up->node:[(1,2)@(1,8)-z]-1111, Move right->node:[(1,2)@(2,8)-x]-1111, Move down->node:[(1,2)@(2,7)-x]-1111, Move down->node:[(1,2)@(2,6)-x]-1111, Move right->node:[(1,2)@(4,6)-z]-1111, Move down->node:[(1,2)@(4,4)-y]-1111, Move down->node:[(1,2)@(4,3)-z]-1111, Move down->node:[(1,2)@(4,1)-y]-1111, Move right->node:[(1,2)@(5,1)-y]-1111, Move right->node:[(1,2)@(6,1)-y]-1111, Move down->node:[(1,2)@(6,0)-z]-1111, Move right->node:[(1,2)@(7,0)-x]-1111, Move up->node:[(1,2)@(7,1)-x]-1111, Move up->node:[(1,2)@(7,2)-x]-1111, Move up->node:[(1,2)@(7,3)-x]-1111, Move up->node:[(1,2)@(7,4)-x]-1111, Move up->node:[(1,2)@(7,5)-x]-1111, Move up->node:[(1,2)@(7,6)-x]-1111, Move right->node:[(1,2)@(9,6)-z]-1111, Move down->node:[(1,2)@(9,4)-y]-1111, Move left->node:[(1,2)@(8,4)-y]-1111, Move up->node:[(1,2)@(8,6)-z]-1111]
INFO main astar.AbstractAStarSearcher - Completed in 14375 ms with 147105 expansions at rate 10 expansion/ms
INFO main blox.Scape - Loading scape level24.txt
INFO main astar.AbstractAStarSearcher - Starting A* search set for start node:[(1,2)@(1,6)-z]-1 and target (11,2)-z
INFO main astar.AbstractAStarSearcher - A* path found - length 57 - [Move down->node:[(1,2)@(1,4)-y]-1, Move left->node:[(1,2)@(0,4)-y]-1, Move down->node:[(1,2)@(0,3)-z]-1, Move right->node:[(1,2)@(1,3)-x]-1, Move down->node:[(1,2)@(1,2)-x]-1, Move left->node:[(1,2)@(0,2)-z]-1, Move up->node:[(1,2)@(0,3)-y]-1, Move up->node:[(1,2)@(0,5)-z]-1, Move down->node:[(1,2)@(0,3)-y]-11, Move down->node:[(1,2)@(0,2)-z]-11, Move right->node:[(1,2)@(1,2)-x]-11, Move up->node:[(1,2)@(1,3)-x]-11, Move left->node:[(1,2)@(0,3)-z]-11, Move up->node:[(1,2)@(0,4)-y]-11, Move right->node:[(1,2)@(1,4)-y]-11, Move down->node:[(1,2)@(1,3)-z]-11, Move right->node:[(1,2)@(2,3)-x]-11, Move right->node:[(1,2)@(4,3)-z]-11, Move up->node:[(1,2)@(4,4)-y]-11, Move up->node:[(1,2)@(4,6)-z]-11, Move right->node:[(1,2)@(5,6)-x]-11, Move up->node:[(1,2)@(5,7)-x]-11, Move left->node:[(1,2)@(4,7)-z]-11, Move down->node:[(1,2)@(4,5)-y]-11, Move right->node:[(1,2)@(5,5)-y]-11, Move up->node:[(1,2)@(5,7)-z]-11, Move right->node:[(1,2)@(6,7)-x]-11, Move right->node:[(1,2)@(8,7)-z]-11, Move right->node:[(1,2)@(9,7)-x]-11, Move right->node:[(1,2)@(11,7)-z]-11, Move left->node:[(1,2)@(9,7)-x]-111, Move left->node:[(1,2)@(8,7)-z]-111, Move left->node:[(1,2)@(6,7)-x]-111, Move left->node:[(1,2)@(5,7)-z]-111, Move left->node:[(1,2)@(3,7)-x]-111, Move down->node:[(1,2)@(3,6)-x]-111, Move right->node:[(1,2)@(5,6)-z]-111, Move left->node:[(1,2)@(3,6)-x]-1111, Move up->node:[(1,2)@(3,7)-x]-1111, Move right->node:[(1,2)@(5,7)-z]-1111, Move down->node:[(1,2)@(5,5)-y]-1111, Move left->node:[(1,2)@(4,5)-y]-1111, Move up->node:[(1,2)@(4,7)-z]-1111, Move right->node:[(1,2)@(5,7)-x]-1111, Move right->node:[(1,2)@(7,7)-z]-1111, Move right->node:[(1,2)@(8,7)-x]-1111, Move right->node:[(1,2)@(10,7)-z]-1111, Move right->node:[(1,2)@(11,7)-x]-1111, Move right->node:[(1,1)@(7,2)-z, (1,1)@(5,2)-z]-1111, Move right->node:[(1,2)@(6,2)-x]-1111, Move down->node:[(1,2)@(6,1)-x]-1111, Move left->node:[(1,2)@(5,1)-z]-1111, Move right->node:[(1,2)@(6,1)-x]-11111, Move up->node:[(1,2)@(6,2)-x]-11111, Move right->node:[(1,2)@(8,2)-z]-11111, Move right->node:[(1,2)@(9,2)-x]-11111, Move right->node:[(1,2)@(11,2)-z]-11111]
INFO main astar.AbstractAStarSearcher - Completed in 141 ms with 1410 expansions at rate 10 expansion/ms
INFO main blox.Scape - Loading scape level25.txt
INFO main astar.AbstractAStarSearcher - Starting A* search set for start node:[(1,2)@(1,2)-z]-1 and target (11,6)-z
INFO main astar.AbstractAStarSearcher - A* path found - length 55 - [Move up->node:[(1,2)@(1,3)-y]-1, Move right->node:[(1,2)@(2,3)-y]-1, Move down->node:[(1,2)@(2,2)-z]-1, Move left->node:[(1,2)@(0,2)-x]-1, Move up->node:[(1,2)@(0,3)-x]-1, Move right->node:[(1,2)@(2,3)-z]-1, Move down->node:[(1,2)@(2,1)-y]-11, Move left->node:[(1,2)@(1,1)-y]-11, Move up->node:[(1,2)@(1,3)-z]-11, Move right->node:[(1,2)@(2,3)-x]-11, Move right->node:[(1,2)@(4,3)-z]-11, Move right->node:[(1,2)@(5,3)-x]-11, Move right->node:[(1,2)@(7,3)-z]-11, Move up->node:[(1,2)@(7,4)-y]-11, Move left->node:[(1,2)@(6,4)-y]-11, Move up->node:[(1,2)@(6,6)-z]-11, Move left->node:[(1,2)@(4,6)-x]-11, Move left->node:[(1,2)@(3,6)-z]-11, Move up->node:[(1,2)@(3,7)-y]-11, Move right->node:[(1,2)@(4,7)-y]-11, Move left->node:[(1,2)@(3,7)-y]-111, Move down->node:[(1,2)@(3,6)-z]-111, Move right->node:[(1,2)@(4,6)-x]-111, Move right->node:[(1,2)@(6,6)-z]-111, Move down->node:[(1,2)@(6,4)-y]-111, Move right->node:[(1,2)@(7,4)-y]-111, Move down->node:[(1,2)@(7,3)-z]-111, Move left->node:[(1,2)@(5,3)-x]-111, Move left->node:[(1,2)@(4,3)-z]-111, Move left->node:[(1,2)@(2,3)-x]-111, Move left->node:[(1,2)@(1,3)-z]-111, Move down->node:[(1,2)@(1,1)-y]-111, Move right->node:[(1,2)@(2,1)-y]-111, Move up->node:[(1,2)@(2,3)-z]-111, Move right->node:[(1,2)@(3,3)-x]-1111, Move right->node:[(1,2)@(5,3)-z]-1111, Move right->node:[(1,2)@(6,3)-x]-1111, Move up->node:[(1,2)@(6,4)-x]-1111, Move up->node:[(1,2)@(6,5)-x]-1111, Move right->node:[(1,2)@(8,5)-z]-1111, Move right->node:[(1,2)@(9,5)-x]-1111, Move right->node:[(1,2)@(11,5)-z]-1111, Move up->node:[(1,2)@(11,6)-y]-1111, Move right->node:[(1,2)@(12,6)-y]-1111, Move down->node:[(1,2)@(12,5)-z]-1111, Move left->node:[(1,2)@(10,5)-x]-1111, Move up->node:[(1,2)@(10,6)-x]-1111, Move up->node:[(1,2)@(10,7)-x]-1111, Move right->node:[(1,2)@(12,7)-z]-1111, Move down->node:[(1,2)@(12,5)-y]-1111, Move left->node:[(1,2)@(11,5)-y]-1111, Move up->node:[(1,2)@(11,7)-z]-1111, Move right->node:[(1,2)@(12,7)-x]-1111, Move down->node:[(1,2)@(12,6)-x]-1111, Move left->node:[(1,2)@(11,6)-z]-1111]
INFO main astar.AbstractAStarSearcher - Completed in 31 ms with 1088 expansions at rate 35 expansion/ms
INFO main blox.Scape - Loading scape level26.txt
INFO main astar.AbstractAStarSearcher - Starting A* search set for start node:[(1,2)@(10,3)-z]-1 and target (7,1)-z
INFO main astar.AbstractAStarSearcher - A* path found - length 106 - [Move up->node:[(1,2)@(10,4)-y]-1, Move up->node:[(1,2)@(10,6)-z]-1, Move left->node:[(1,2)@(8,6)-x]-1, Move left->node:[(1,2)@(7,6)-z]-1, Move left->node:[(1,2)@(5,6)-x]-1, Move down->node:[(1,2)@(5,5)-x]-1, Move left->node:[(1,2)@(4,5)-z]-1, Move left->node:[(1,2)@(2,5)-x]-1, Move left->node:[(1,2)@(1,5)-z]-1, Move down->node:[(1,2)@(1,3)-y]-1, Move right->node:[(1,2)@(2,3)-y]-1, Move up->node:[(1,2)@(2,5)-z]-1, Move right->node:[(1,2)@(3,5)-x]-1, Move right->node:[(1,2)@(5,5)-z]-1, Move up->node:[(1,2)@(5,6)-y]-1, Move up->node:[(1,2)@(5,8)-z]-1, Move right->node:[(1,2)@(6,8)-x]-1, Move right->node:[(1,2)@(8,8)-z]-1, Move down->node:[(1,2)@(8,6)-y]-1, Move right->node:[(1,2)@(9,6)-y]-1, Move right->node:[(1,2)@(10,6)-y]-1, Move down->node:[(1,2)@(10,5)-z]-1, Move right->node:[(1,2)@(11,5)-x]-1, Move right->node:[(1,2)@(13,5)-z]-1, Move up->node:[(1,2)@(13,6)-y]-1, Move up->node:[(1,1)@(10,3)-z, (1,1)@(12,5)-z]-1, Move left->node:[(1,1)@(11,5)-x, (1,1)@(10,3)-z]-1, Move left->node:[(1,1)@(10,3)-z, (1,1)@(10,5)-z]-1, Move up->node:[(1,1)@(10,6)-y, (1,1)@(10,3)-z]-1, Move left->node:[(1,1)@(10,3)-z, (1,1)@(9,6)-y]-1, Move left->node:[(1,1)@(8,6)-y, (1,1)@(10,3)-z]-1, Move left->node:[(1,1)@(10,3)-z, (1,1)@(7,6)-y]-1, Move down->node:[(1,1)@(10,3)-z, (1,1)@(7,5)-z]-1, Move left->node:[(1,1)@(10,3)-z, (1,1)@(6,5)-x]-1, Move left->node:[(1,1)@(10,3)-z, (1,1)@(5,5)-z]-1, Move left->node:[(1,1)@(10,3)-z, (1,1)@(4,5)-x]-1, Move left->node:[(1,1)@(10,3)-z, (1,1)@(3,5)-z]-1, Move left->node:[(1,1)@(10,3)-z, (1,1)@(2,5)-x]-1, Move down->node:[(1,1)@(2,4)-x, (1,1)@(10,3)-z]-1, Move left->node:[(1,1)@(1,4)-z, (1,1)@(10,3)-z]-1, Move down->node:[(1,1)@(10,3)-z, (1,1)@(1,3)-y]-1, Move down->node:[(1,1)@(10,3)-z, (1,1)@(1,2)-z]-1, Move nextBlock->node:[(1,1)@(10,3)-z, (1,1)@(1,2)-z]-1, Move up->node:[(1,1)@(10,4)-y, (1,1)@(1,2)-z]-1, Move up->node:[(1,1)@(1,2)-z, (1,1)@(10,5)-z]-1, Move up->node:[(1,1)@(10,6)-y, (1,1)@(1,2)-z]-1, Move left->node:[(1,1)@(1,2)-z, (1,1)@(9,6)-y]-1, Move left->node:[(1,1)@(8,6)-y, (1,1)@(1,2)-z]-1, Move left->node:[(1,1)@(1,2)-z, (1,1)@(7,6)-y]-1, Move left->node:[(1,1)@(6,6)-y, (1,1)@(1,2)-z]-1, Move down->node:[(1,1)@(6,5)-z, (1,1)@(1,2)-z]-1, Move left->node:[(1,1)@(5,5)-x, (1,1)@(1,2)-z]-1, Move left->node:[(1,1)@(4,5)-z, (1,1)@(1,2)-z]-1, Move left->node:[(1,1)@(3,5)-x, (1,1)@(1,2)-z]-1, Move left->node:[(1,1)@(2,5)-z, (1,1)@(1,2)-z]-1, Move down->node:[(1,1)@(1,2)-z, (1,1)@(2,4)-y]-1, Move down->node:[(1,1)@(1,2)-z, (1,1)@(2,3)-z]-1, Move left->node:[(1,2)@(1,2)-y]-1, Move down->node:[(1,2)@(1,1)-z]-1, Move up->node:[(1,2)@(1,2)-y]-11, Move up->node:[(1,2)@(1,4)-z]-11, Move right->node:[(1,2)@(2,4)-x]-11, Move up->node:[(1,2)@(2,5)-x]-11, Move right->node:[(1,2)@(4,5)-z]-11, Move right->node:[(1,2)@(5,5)-x]-11, Move right->node:[(1,2)@(7,5)-z]-11, Move up->node:[(1,2)@(7,6)-y]-11, Move right->node:[(1,2)@(8,6)-y]-111, Move right->node:[(1,2)@(9,6)-y]-111, Move right->node:[(1,2)@(10,6)-y]-111, Move down->node:[(1,2)@(10,5)-z]-111, Move right->node:[(1,2)@(11,5)-x]-111, Move right->node:[(1,2)@(13,5)-z]-111, Move up->node:[(1,2)@(13,6)-y]-111, Move up->node:[(1,1)@(10,3)-z, (1,1)@(12,5)-z]-111, Move left->node:[(1,1)@(11,5)-x, (1,1)@(10,3)-z]-111, Move left->node:[(1,1)@(10,3)-z, (1,1)@(10,5)-z]-111, Move up->node:[(1,1)@(10,6)-y, (1,1)@(10,3)-z]-111, Move left->node:[(1,1)@(10,3)-z, (1,1)@(9,6)-y]-111, Move left->node:[(1,1)@(8,6)-y, (1,1)@(10,3)-z]-111, Move left->node:[(1,1)@(10,3)-z, (1,1)@(7,6)-y]-111, Move down->node:[(1,1)@(10,3)-z, (1,1)@(7,5)-z]-111, Move left->node:[(1,1)@(10,3)-z, (1,1)@(6,5)-x]-111, Move down->node:[(1,1)@(6,4)-x, (1,1)@(10,3)-z]-111, Move down->node:[(1,1)@(6,3)-x, (1,1)@(10,3)-z]-111, Move down->node:[(1,1)@(10,3)-z, (1,1)@(6,2)-x]-111, Move right->node:[(1,1)@(7,2)-z, (1,1)@(10,3)-z]-111, Move right->node:[(1,1)@(10,3)-z, (1,1)@(8,2)-x]-111, Move down->node:[(1,1)@(8,1)-x, (1,1)@(10,3)-z]-111, Move right->node:[(1,1)@(10,3)-z, (1,1)@(9,1)-z]-111, Move nextBlock->node:[(1,1)@(10,3)-z, (1,1)@(9,1)-z]-111, Move up->node:[(1,1)@(10,4)-y, (1,1)@(9,1)-z]-111, Move up->node:[(1,1)@(9,1)-z, (1,1)@(10,5)-z]-111, Move up->node:[(1,1)@(10,6)-y, (1,1)@(9,1)-z]-111, Move left->node:[(1,1)@(9,1)-z, (1,1)@(9,6)-y]-111, Move left->node:[(1,1)@(8,6)-y, (1,1)@(9,1)-z]-111, Move left->node:[(1,1)@(9,1)-z, (1,1)@(7,6)-y]-111, Move down->node:[(1,1)@(9,1)-z, (1,1)@(7,5)-z]-111, Move left->node:[(1,1)@(9,1)-z, (1,1)@(6,5)-x]-111, Move down->node:[(1,1)@(6,4)-x, (1,1)@(9,1)-z]-111, Move down->node:[(1,1)@(6,3)-x, (1,1)@(9,1)-z]-111, Move down->node:[(1,1)@(6,2)-x, (1,1)@(9,1)-z]-111, Move right->node:[(1,1)@(7,2)-z, (1,1)@(9,1)-z]-111, Move right->node:[(1,1)@(9,1)-z, (1,1)@(8,2)-x]-111, Move down->node:[(1,2)@(8,1)-x]-111, Move left->node:[(1,2)@(7,1)-z]-111]
INFO main astar.AbstractAStarSearcher - Completed in 63313 ms with 312405 expansions at rate 4 expansion/ms
INFO main blox.Scape - Loading scape level27.txt
INFO main astar.AbstractAStarSearcher - Starting A* search set for start node:[(1,2)@(1,8)-z]-1 and target (1,3)-z
INFO main astar.AbstractAStarSearcher - A* path found - length 71 - [Move right->node:[(1,2)@(2,8)-x]-1, Move right->node:[(1,2)@(4,8)-z]-1, Move right->node:[(1,2)@(5,8)-x]-1, Move right->node:[(1,2)@(7,8)-z]-1, Move right->node:[(1,2)@(8,8)-x]-1, Move up->node:[(1,2)@(8,9)-x]-1, Move left->node:[(1,2)@(7,9)-z]-1, Move down->node:[(1,2)@(7,7)-y]-1, Move right->node:[(1,2)@(8,7)-y]-1, Move up->node:[(1,2)@(8,9)-z]-1, Move right->node:[(1,2)@(9,9)-x]-1, Move down->node:[(1,2)@(9,8)-x]-1, Move left->node:[(1,2)@(8,8)-z]-1, Move left->node:[(1,2)@(6,8)-x]-1, Move left->node:[(1,2)@(5,8)-z]-1, Move left->node:[(1,2)@(3,8)-x]-1, Move left->node:[(1,2)@(2,8)-z]-1, Move left->node:[(1,2)@(0,8)-x]-1, Move up->node:[(1,2)@(0,9)-x]-1, Move right->node:[(1,2)@(2,9)-z]-1, Move down->node:[(1,2)@(2,7)-y]-1, Move left->node:[(1,2)@(1,7)-y]-1, Move left->node:[(1,2)@(0,7)-y]-1, Move up->node:[(1,2)@(0,9)-z]-1, Move right->node:[(1,2)@(1,9)-x]-1, Move down->node:[(1,2)@(1,8)-x]-1, Move right->node:[(1,2)@(3,8)-z]-1, Move right->node:[(1,2)@(4,8)-x]-1, Move right->node:[(1,2)@(6,8)-z]-1, Move right->node:[(1,2)@(7,8)-x]-1, Move up->node:[(1,2)@(7,9)-x]-1, Move right->node:[(1,2)@(9,9)-z]-1, Move right->node:[(1,2)@(10,9)-x]-1, Move right->node:[(1,2)@(12,9)-z]-1, Move right->node:[(1,2)@(13,9)-x]-1, Move down->node:[(1,2)@(13,8)-x]-1, Move down->node:[(1,2)@(13,7)-x]-1, Move down->node:[(1,2)@(13,6)-x]-1, Move left->node:[(1,2)@(12,6)-z]-1, Move down->node:[(1,2)@(12,4)-y]-1, Move down->node:[(1,2)@(12,3)-z]-11, Move down->node:[(1,2)@(12,1)-y]-11, Move left->node:[(1,2)@(11,1)-y]-11, Move left->node:[(1,2)@(10,1)-y]-11, Move left->node:[(1,2)@(9,1)-y]-11, Move down->node:[(1,2)@(9,0)-z]-11, Move left->node:[(1,2)@(7,0)-x]-11, Move up->node:[(1,2)@(7,1)-x]-11, Move up->node:[(1,2)@(7,2)-x]-11, Move up->node:[(1,2)@(7,3)-x]-11, Move up->node:[(1,2)@(7,4)-x]-11, Move right->node:[(1,2)@(9,4)-z]-11, Move down->node:[(1,2)@(9,2)-y]-11, Move left->node:[(1,2)@(8,2)-y]-11, Move left->node:[(1,2)@(7,2)-y]-11, Move left->node:[(1,2)@(6,2)-y]-11, Move left->node:[(1,2)@(5,2)-y]-11, Move left->node:[(1,2)@(4,2)-y]-11, Move left->node:[(1,2)@(3,2)-y]-11, Move left->node:[(1,2)@(2,2)-y]-11, Move up->node:[(1,2)@(2,4)-z]-11, Move left->node:[(1,2)@(0,4)-x]-11, Move down->node:[(1,2)@(0,3)-x]-11, Move down->node:[(1,2)@(0,2)-x]-11, Move right->node:[(1,2)@(2,2)-z]-11, Move up->node:[(1,2)@(2,3)-y]-11, Move left->node:[(1,2)@(1,3)-y]-11, Move down->node:[(1,2)@(1,2)-z]-11, Move right->node:[(1,2)@(2,2)-x]-11, Move up->node:[(1,2)@(2,3)-x]-11, Move left->node:[(1,2)@(1,3)-z]-11]
INFO main astar.AbstractAStarSearcher - Completed in 47 ms with 680 expansions at rate 14 expansion/ms
INFO main blox.Scape - Loading scape level28.txt
INFO main astar.AbstractAStarSearcher - Starting A* search set for start node:[(1,2)@(2,7)-z]-1 and target (2,3)-z
INFO main astar.AbstractAStarSearcher - A* path found - length 101 - [Move left->node:[(1,2)@(0,7)-x]-1, Move down->node:[(1,2)@(0,6)-x]-1, Move down->node:[(1,2)@(0,5)-x]-1, Move down->node:[(1,2)@(0,4)-x]-1, Move right->node:[(1,2)@(2,4)-z]-1, Move down->node:[(1,2)@(2,2)-y]-1, Move left->node:[(1,2)@(1,2)-y]-1, Move up->node:[(1,2)@(1,4)-z]-1, Move right->node:[(1,2)@(2,4)-x]-1, Move down->node:[(1,2)@(2,3)-x]-1, Move down->node:[(1,2)@(2,2)-x]-1, Move right->node:[(1,2)@(4,2)-z]-1, Move right->node:[(1,2)@(5,2)-x]-1, Move down->node:[(1,2)@(5,1)-x]-1, Move down->node:[(1,2)@(5,0)-x]-1, Move right->node:[(1,2)@(7,0)-z]-1, Move right->node:[(1,2)@(8,0)-x]-1, Move right->node:[(1,2)@(10,0)-z]-1, Move up->node:[(1,2)@(10,1)-y]-1, Move up->node:[(1,2)@(10,3)-z]-1, Move up->node:[(1,2)@(10,4)-y]-1, Move left->node:[(1,2)@(9,4)-y]-1, Move up->node:[(1,2)@(9,6)-z]-1, Move left->node:[(1,2)@(7,6)-x]-1, Move up->node:[(1,2)@(7,7)-x]-1, Move left->node:[(1,2)@(6,7)-z]-1, Move up->node:[(1,2)@(6,8)-y]-1, Move left->node:[(1,2)@(5,8)-y]-1, Move down->node:[(1,2)@(5,7)-z]-1, Move right->node:[(1,2)@(6,7)-x]-1, Move right->node:[(1,2)@(8,7)-z]-1, Move down->node:[(1,2)@(8,5)-y]-1, Move right->node:[(1,2)@(9,5)-y]-1, Move down->node:[(1,2)@(9,4)-z]-1, Move right->node:[(1,2)@(10,4)-x]-1, Move down->node:[(1,2)@(10,3)-x]-1, Move right->node:[(1,2)@(12,3)-z]-1, Move right->node:[(1,2)@(13,3)-x]-1, Move down->node:[(1,2)@(13,2)-x]-1, Move left->node:[(1,2)@(12,2)-z]-1, Move down->node:[(1,2)@(12,0)-y]-1, Move left->node:[(1,2)@(11,0)-y]-1, Move left->node:[(1,2)@(10,0)-y]-1, Move up->node:[(1,2)@(10,2)-z]-1, Move up->node:[(1,2)@(10,3)-y]-1, Move up->node:[(1,2)@(10,5)-z]-1, Move left->node:[(1,2)@(8,5)-x]-1, Move up->node:[(1,2)@(8,6)-x]-1, Move left->node:[(1,2)@(7,6)-z]-1, Move up->node:[(1,2)@(7,7)-y]-1, Move left->node:[(1,2)@(6,7)-y]-1, Move left->node:[(1,2)@(5,7)-y]-1, Move up->node:[(1,2)@(5,9)-z]-1, Move left->node:[(1,2)@(3,9)-x]-1, Move left->node:[(1,2)@(2,9)-z]-1, Move down->node:[(1,2)@(2,7)-y]-1, Move left->node:[(1,2)@(1,7)-y]-1, Move up->node:[(1,2)@(1,9)-z]-1, Move right->node:[(1,2)@(2,9)-x]-1, Move right->node:[(1,2)@(4,9)-z]-1, Move right->node:[(1,2)@(5,9)-x]-1, Move down->node:[(1,2)@(5,8)-x]-1, Move right->node:[(1,2)@(7,8)-z]-1, Move down->node:[(1,2)@(7,6)-y]-1, Move right->node:[(1,2)@(8,6)-y]-1, Move down->node:[(1,2)@(8,5)-z]-1, Move right->node:[(1,2)@(9,5)-x]-1, Move down->node:[(1,2)@(9,4)-x]-1, Move right->node:[(1,1)@(14,3)-z, (1,1)@(12,0)-z]-1, Move left->node:[(1,1)@(13,3)-x, (1,1)@(12,0)-z]-1, Move left->node:[(1,1)@(12,3)-z, (1,1)@(12,0)-z]-1, Move left->node:[(1,1)@(12,0)-z, (1,1)@(11,3)-x]-1, Move left->node:[(1,1)@(10,3)-z, (1,1)@(12,0)-z]-1, Move down->node:[(1,1)@(10,2)-y, (1,1)@(12,0)-z]-1, Move down->node:[(1,1)@(12,0)-z, (1,1)@(10,1)-z]-1, Move down->node:[(1,1)@(12,0)-z, (1,1)@(10,0)-y]-1, Move left->node:[(1,1)@(9,0)-y, (1,1)@(12,0)-z]-1, Move left->node:[(1,1)@(8,0)-y, (1,1)@(12,0)-z]-1, Move left->node:[(1,1)@(12,0)-z, (1,1)@(7,0)-y]-1, Move left->node:[(1,1)@(6,0)-y, (1,1)@(12,0)-z]-1, Move up->node:[(1,1)@(12,0)-z, (1,1)@(6,1)-z]-1, Move left->node:[(1,1)@(5,1)-x, (1,1)@(12,0)-z]-1, Move up->node:[(1,1)@(12,0)-z, (1,1)@(5,2)-x]-1, Move left->node:[(1,1)@(4,2)-z, (1,1)@(12,0)-z]-1, Move left->node:[(1,1)@(12,0)-z, (1,1)@(3,2)-x]-1, Move left->node:[(1,1)@(12,0)-z, (1,1)@(2,2)-z]-1, Move down->node:[(1,1)@(12,0)-z, (1,1)@(2,1)-y]-1, Move nextBlock->node:[(1,1)@(12,0)-z, (1,1)@(2,1)-y]-1, Move left->node:[(1,1)@(2,1)-y, (1,1)@(11,0)-x]-1, Move left->node:[(1,1)@(2,1)-y, (1,1)@(10,0)-z]-1, Move left->node:[(1,1)@(9,0)-x, (1,1)@(2,1)-y]-1, Move left->node:[(1,1)@(2,1)-y, (1,1)@(8,0)-z]-1, Move left->node:[(1,1)@(2,1)-y, (1,1)@(7,0)-x]-1, Move left->node:[(1,1)@(6,0)-z, (1,1)@(2,1)-y]-1, Move up->node:[(1,1)@(6,1)-y, (1,1)@(2,1)-y]-1, Move left->node:[(1,1)@(5,1)-y, (1,1)@(2,1)-y]-1, Move up->node:[(1,1)@(2,1)-y, (1,1)@(5,2)-z]-1, Move left->node:[(1,1)@(4,2)-x, (1,1)@(2,1)-y]-1, Move left->node:[(1,1)@(3,2)-z, (1,1)@(2,1)-y]-1, Move left->node:[(1,2)@(2,1)-y]-1, Move up->node:[(1,2)@(2,3)-z]-1]
INFO main astar.AbstractAStarSearcher - Completed in 57000 ms with 234724 expansions at rate 4 expansion/ms
INFO main blox.Scape - Loading scape level29.txt
INFO main astar.AbstractAStarSearcher - Starting A* search set for start node:[(1,2)@(7,6)-z]-1 and target (1,1)-z
INFO main astar.AbstractAStarSearcher - A* path found - length 104 - [Move right->node:[(1,2)@(8,6)-x]-1, Move up->node:[(1,2)@(8,7)-x]-1, Move left->node:[(1,2)@(7,7)-z]-1, Move down->node:[(1,2)@(7,5)-y]-1, Move left->node:[(1,2)@(6,5)-y]-1, Move up->node:[(1,2)@(6,7)-z]-1, Move right->node:[(1,2)@(7,7)-x]-1, Move down->node:[(1,2)@(7,6)-x]-1, Move right->node:[(1,2)@(9,6)-z]-1, Move down->node:[(1,2)@(9,4)-y]-1, Move down->node:[(1,2)@(9,3)-z]-1, Move right->node:[(1,2)@(10,3)-x]-1, Move right->node:[(1,2)@(12,3)-z]-1, Move left->node:[(1,2)@(10,3)-x]-11, Move left->node:[(1,2)@(9,3)-z]-11, Move up->node:[(1,2)@(9,4)-y]-11, Move up->node:[(1,2)@(9,6)-z]-11, Move left->node:[(1,2)@(7,6)-x]-11, Move up->node:[(1,2)@(7,7)-x]-11, Move right->node:[(1,2)@(9,7)-z]-11, Move down->node:[(1,2)@(9,5)-y]-11, Move left->node:[(1,2)@(8,5)-y]-11, Move up->node:[(1,2)@(8,7)-z]-11, Move left->node:[(1,2)@(6,7)-x]-11, Move down->node:[(1,2)@(6,6)-x]-11, Move left->node:[(1,2)@(5,6)-z]-11, Move up->node:[(1,2)@(5,7)-y]-11, Move up->node:[(1,2)@(5,9)-z]-11, Move left->node:[(1,2)@(3,9)-x]-11, Move left->node:[(1,2)@(2,9)-z]-11, Move right->node:[(1,2)@(3,9)-x]-111, Move right->node:[(1,2)@(5,9)-z]-111, Move down->node:[(1,2)@(5,7)-y]-111, Move down->node:[(1,2)@(5,6)-z]-111, Move right->node:[(1,2)@(6,6)-x]-111, Move up->node:[(1,2)@(6,7)-x]-111, Move right->node:[(1,2)@(8,7)-z]-111, Move down->node:[(1,2)@(8,5)-y]-111, Move right->node:[(1,2)@(9,5)-y]-111, Move up->node:[(1,2)@(9,7)-z]-111, Move left->node:[(1,2)@(7,7)-x]-111, Move down->node:[(1,2)@(7,6)-x]-111, Move right->node:[(1,2)@(9,6)-z]-111, Move up->node:[(1,2)@(9,7)-y]-111, Move up->node:[(1,2)@(9,9)-z]-111, Move right->node:[(1,2)@(10,9)-x]-111, Move right->node:[(1,2)@(12,9)-z]-111, Move left->node:[(1,2)@(10,9)-x]-1111, Move left->node:[(1,2)@(9,9)-z]-1111, Move down->node:[(1,2)@(9,7)-y]-1111, Move down->node:[(1,2)@(9,6)-z]-1111, Move down->node:[(1,2)@(9,4)-y]-1111, Move down->node:[(1,2)@(9,3)-z]-1111, Move down->node:[(1,2)@(9,1)-y]-1111, Move down->node:[(1,2)@(9,0)-z]-1111, Move right->node:[(1,2)@(10,0)-x]-1111, Move right->node:[(1,2)@(12,0)-z]-1111, Move left->node:[(1,2)@(10,0)-x]-11111, Move left->node:[(1,2)@(9,0)-z]-11111, Move up->node:[(1,2)@(9,1)-y]-11111, Move up->node:[(1,2)@(9,3)-z]-11111, Move up->node:[(1,2)@(9,4)-y]-11111, Move up->node:[(1,2)@(9,6)-z]-11111, Move left->node:[(1,2)@(7,6)-x]-11111, Move left->node:[(1,2)@(6,6)-z]-11111, Move left->node:[(1,2)@(4,6)-x]-11111, Move left->node:[(1,2)@(3,6)-z]-11111, Move left->node:[(1,2)@(1,6)-x]-11111, Move left->node:[(1,2)@(0,6)-z]-11111, Move right->node:[(1,2)@(1,6)-x]-111111, Move right->node:[(1,2)@(3,6)-z]-111111, Move right->node:[(1,2)@(4,6)-x]-111111, Move right->node:[(1,2)@(6,6)-z]-111111, Move down->node:[(1,2)@(6,4)-y]-111111, Move left->node:[(1,2)@(5,4)-y]-111111, Move up->node:[(1,2)@(5,6)-z]-111111, Move right->node:[(1,2)@(6,6)-x]-111111, Move right->node:[(1,2)@(8,6)-z]-111111, Move right->node:[(1,2)@(9,6)-x]-111111, Move right->node:[(1,2)@(11,6)-z]-111111, Move right->node:[(1,2)@(12,6)-x]-111111, Move right->node:[(1,2)@(14,6)-z]-111111, Move left->node:[(1,2)@(12,6)-x]-1111111, Move left->node:[(1,2)@(11,6)-z]-1111111, Move left->node:[(1,2)@(9,6)-x]-1111111, Move left->node:[(1,2)@(8,6)-z]-1111111, Move left->node:[(1,2)@(6,6)-x]-1111111, Move up->node:[(1,2)@(6,7)-x]-1111111, Move left->node:[(1,2)@(5,7)-z]-1111111, Move down->node:[(1,2)@(5,5)-y]-1111111, Move down->node:[(1,2)@(5,4)-z]-1111111, Move down->node:[(1,2)@(5,2)-y]-1111111, Move down->node:[(1,2)@(5,1)-z]-1111111, Move left->node:[(1,2)@(3,1)-x]-1111111, Move left->node:[(1,2)@(2,1)-z]-1111111, Move left->node:[(1,2)@(0,1)-x]-1111111, Move down->node:[(1,2)@(0,0)-x]-1111111, Move right->node:[(1,2)@(2,0)-z]-1111111, Move up->node:[(1,2)@(2,1)-y]-1111111, Move left->node:[(1,2)@(1,1)-y]-1111111, Move down->node:[(1,2)@(1,0)-z]-1111111, Move right->node:[(1,2)@(2,0)-x]-1111111, Move up->node:[(1,2)@(2,1)-x]-1111111, Move left->node:[(1,2)@(1,1)-z]-1111111]
INFO main astar.AbstractAStarSearcher - Completed in 187 ms with 4029 expansions at rate 21 expansion/ms
INFO main blox.Scape - Loading scape level30.txt
INFO main astar.AbstractAStarSearcher - Starting A* search set for start node:[(1,2)@(2,5)-z]-1 and target (4,8)-z
INFO main astar.AbstractAStarSearcher - A* path found - length 114 - [Move down->node:[(1,2)@(2,3)-y]-1, Move right->node:[(1,2)@(3,3)-y]-1, Move down->node:[(1,2)@(3,2)-z]-1, Move down->node:[(1,2)@(3,0)-y]-1, Move right->node:[(1,2)@(4,0)-y]-1, Move right->node:[(1,2)@(5,0)-y]-1, Move up->node:[(1,2)@(5,2)-z]-1, Move right->node:[(1,2)@(6,2)-x]-1, Move right->node:[(1,2)@(8,2)-z]-1, Move down->node:[(1,2)@(8,0)-y]-1, Move right->node:[(1,2)@(9,0)-y]-1, Move right->node:[(1,2)@(10,0)-y]-1, Move right->node:[(1,2)@(11,0)-y]-1, Move right->node:[(1,2)@(12,0)-y]-1, Move up->node:[(1,2)@(12,2)-z]-1, Move down->node:[(1,2)@(12,0)-y]-11, Move left->node:[(1,2)@(11,0)-y]-11, Move left->node:[(1,2)@(10,0)-y]-11, Move left->node:[(1,2)@(9,0)-y]-11, Move left->node:[(1,2)@(8,0)-y]-11, Move up->node:[(1,2)@(8,2)-z]-11, Move left->node:[(1,2)@(6,2)-x]-11, Move left->node:[(1,2)@(5,2)-z]-11, Move left->node:[(1,2)@(3,2)-x]-11, Move down->node:[(1,2)@(3,1)-x]-11, Move down->node:[(1,2)@(3,0)-x]-11, Move left->node:[(1,2)@(2,0)-z]-11, Move up->node:[(1,2)@(2,1)-y]-11, Move right->node:[(1,2)@(3,1)-y]-11, Move right->node:[(1,2)@(4,1)-y]-11, Move right->node:[(1,2)@(5,1)-y]-11, Move right->node:[(1,2)@(6,1)-y]-11, Move right->node:[(1,2)@(7,1)-y]-11, Move right->node:[(1,2)@(8,1)-y]-11, Move up->node:[(1,2)@(8,3)-z]-11, Move up->node:[(1,2)@(8,4)-y]-11, Move up->node:[(1,2)@(8,6)-z]-11, Move right->node:[(1,2)@(9,6)-x]-11, Move right->node:[(1,2)@(11,6)-z]-11, Move right->node:[(1,2)@(12,6)-x]-11, Move up->node:[(1,2)@(12,7)-x]-11, Move right->node:[(1,2)@(14,7)-z]-11, Move down->node:[(1,2)@(14,5)-y]-111, Move down->node:[(1,2)@(14,4)-z]-111, Move down->node:[(1,2)@(14,2)-y]-111, Move left->node:[(1,2)@(13,2)-y]-111, Move left->node:[(1,2)@(12,2)-y]-111, Move down->node:[(1,2)@(12,1)-z]-111, Move left->node:[(1,2)@(10,1)-x]-111, Move down->node:[(1,2)@(10,0)-x]-111, Move right->node:[(1,2)@(12,0)-z]-111, Move up->node:[(1,2)@(12,1)-y]-111, Move up->node:[(1,2)@(12,3)-z]-111, Move right->node:[(1,2)@(13,3)-x]-111, Move down->node:[(1,2)@(13,2)-x]-111, Move left->node:[(1,2)@(12,2)-z]-111, Move down->node:[(1,2)@(12,0)-y]-1111, Move left->node:[(1,2)@(11,0)-y]-1111, Move left->node:[(1,2)@(10,0)-y]-1111, Move left->node:[(1,2)@(9,0)-y]-1111, Move left->node:[(1,2)@(8,0)-y]-1111, Move up->node:[(1,2)@(8,2)-z]-1111, Move left->node:[(1,2)@(6,2)-x]-1111, Move left->node:[(1,2)@(5,2)-z]-1111, Move down->node:[(1,2)@(5,0)-y]-1111, Move left->node:[(1,2)@(4,0)-y]-1111, Move left->node:[(1,2)@(3,0)-y]-1111, Move up->node:[(1,2)@(3,2)-z]-1111, Move left->node:[(1,2)@(1,2)-x]-1111, Move down->node:[(1,2)@(1,1)-x]-1111, Move left->node:[(1,2)@(0,1)-z]-1111, Move up->node:[(1,2)@(0,2)-y]-1111, Move right->node:[(1,2)@(1,2)-y]-1111, Move up->node:[(1,2)@(1,4)-z]-1111, Move down->node:[(1,2)@(1,2)-y]-11111, Move left->node:[(1,2)@(0,2)-y]-11111, Move down->node:[(1,2)@(0,1)-z]-11111, Move right->node:[(1,2)@(1,1)-x]-11111, Move up->node:[(1,2)@(1,2)-x]-11111, Move right->node:[(1,2)@(3,2)-z]-11111, Move down->node:[(1,2)@(3,0)-y]-11111, Move right->node:[(1,2)@(4,0)-y]-11111, Move right->node:[(1,2)@(5,0)-y]-11111, Move up->node:[(1,2)@(5,2)-z]-11111, Move left->node:[(1,2)@(3,2)-x]-11111, Move down->node:[(1,2)@(3,1)-x]-11111, Move down->node:[(1,2)@(3,0)-x]-11111, Move left->node:[(1,2)@(2,0)-z]-11111, Move up->node:[(1,2)@(2,1)-y]-11111, Move right->node:[(1,2)@(3,1)-y]-11111, Move right->node:[(1,2)@(4,1)-y]-11111, Move right->node:[(1,2)@(5,1)-y]-11111, Move right->node:[(1,2)@(6,1)-y]-11111, Move right->node:[(1,2)@(7,1)-y]-11111, Move right->node:[(1,2)@(8,1)-y]-11111, Move right->node:[(1,2)@(9,1)-y]-11111, Move up->node:[(1,2)@(9,3)-z]-11111, Move left->node:[(1,2)@(7,3)-x]-11111, Move up->node:[(1,2)@(7,4)-x]-11111, Move up->node:[(1,2)@(7,5)-x]-11111, Move up->node:[(1,2)@(7,6)-x]-11111, Move right->node:[(1,2)@(9,6)-z]-11111, Move right->node:[(1,2)@(10,6)-x]-11111, Move right->node:[(1,2)@(12,6)-z]-11111, Move up->node:[(1,2)@(12,7)-y]-11111, Move right->node:[(1,2)@(13,7)-y]-11111, Move up->node:[(1,2)@(13,9)-z]-11111, Move left->node:[(1,2)@(11,9)-x]-11111, Move left->node:[(1,2)@(10,9)-z]-11111, Move left->node:[(1,2)@(8,9)-x]-11111, Move left->node:[(1,2)@(7,9)-z]-11111, Move left->node:[(1,2)@(5,9)-x]-11111, Move down->node:[(1,2)@(5,8)-x]-11111, Move left->node:[(1,2)@(4,8)-z]-11111]
INFO main astar.AbstractAStarSearcher - Completed in 63 ms with 1131 expansions at rate 17 expansion/ms
INFO main blox.Scape - Loading scape level31.txt
INFO main astar.AbstractAStarSearcher - Starting A* search set for start node:[(1,2)@(12,2)-z]-1 and target (12,8)-z
INFO main astar.AbstractAStarSearcher - A* path found - length 91 - [Move up->node:[(1,2)@(12,3)-y]-1, Move left->node:[(1,2)@(11,3)-y]-1, Move down->node:[(1,2)@(11,2)-z]-1, Move left->node:[(1,2)@(9,2)-x]-1, Move left->node:[(1,2)@(8,2)-z]-1, Move up->node:[(1,2)@(8,3)-y]-1, Move up->node:[(1,2)@(8,5)-z]-1, Move up->node:[(1,2)@(8,6)-y]-1, Move up->node:[(1,2)@(8,8)-z]-1, Move down->node:[(1,2)@(8,6)-y]-11, Move down->node:[(1,2)@(8,5)-z]-11, Move down->node:[(1,2)@(8,3)-y]-11, Move down->node:[(1,2)@(8,2)-z]-11, Move right->node:[(1,2)@(9,2)-x]-11, Move right->node:[(1,2)@(11,2)-z]-11, Move right->node:[(1,2)@(12,2)-x]-11, Move up->node:[(1,2)@(12,3)-x]-11, Move left->node:[(1,2)@(11,3)-z]-11, Move down->node:[(1,2)@(11,1)-y]-11, Move right->node:[(1,2)@(12,1)-y]-11, Move up->node:[(1,2)@(12,3)-z]-11, Move up->node:[(1,2)@(12,4)-y]-11, Move up->node:[(1,2)@(12,6)-z]-11, Move up->node:[(1,2)@(12,7)-y]-11, Move right->node:[(1,2)@(13,7)-y]-11, Move up->node:[(1,2)@(13,9)-z]-11, Move left->node:[(1,2)@(11,9)-x]-11, Move down->node:[(1,2)@(11,8)-x]-11, Move down->node:[(1,2)@(11,7)-x]-11, Move right->node:[(1,2)@(13,7)-z]-11, Move up->node:[(1,2)@(13,8)-y]-11, Move left->node:[(1,2)@(12,8)-y]-11, Move down->node:[(1,2)@(12,7)-z]-11, Move left->node:[(1,2)@(10,7)-x]-11, Move left->node:[(1,2)@(9,7)-z]-11, Move left->node:[(1,2)@(7,7)-x]-11, Move down->node:[(1,2)@(7,6)-x]-11, Move down->node:[(1,2)@(7,5)-x]-11, Move down->node:[(1,2)@(7,4)-x]-11, Move left->node:[(1,2)@(6,4)-z]-11, Move down->node:[(1,2)@(6,2)-y]-11, Move down->node:[(1,2)@(6,1)-z]-11, Move up->node:[(1,2)@(6,2)-y]-111, Move up->node:[(1,2)@(6,4)-z]-111, Move right->node:[(1,2)@(7,4)-x]-111, Move up->node:[(1,2)@(7,5)-x]-111, Move up->node:[(1,2)@(7,6)-x]-111, Move up->node:[(1,2)@(7,7)-x]-111, Move left->node:[(1,2)@(6,7)-z]-111, Move left->node:[(1,2)@(4,7)-x]-111, Move left->node:[(1,2)@(3,7)-z]-111, Move left->node:[(1,2)@(1,7)-x]-111, Move down->node:[(1,2)@(1,6)-x]-111, Move right->node:[(1,2)@(3,6)-z]-111, Move up->node:[(1,2)@(3,7)-y]-111, Move left->node:[(1,2)@(2,7)-y]-111, Move down->node:[(1,2)@(2,6)-z]-111, Move down->node:[(1,2)@(2,4)-y]-111, Move down->node:[(1,2)@(2,3)-z]-111, Move down->node:[(1,2)@(2,1)-y]-111, Move down->node:[(1,2)@(2,0)-z]-111, Move left->node:[(1,2)@(0,0)-x]-111, Move up->node:[(1,2)@(0,1)-x]-111, Move right->node:[(1,2)@(2,1)-z]-111, Move left->node:[(1,2)@(0,1)-x]-1111, Move up->node:[(1,2)@(0,2)-x]-1111, Move right->node:[(1,2)@(2,2)-z]-1111, Move down->node:[(1,2)@(2,0)-y]-1111, Move right->node:[(1,2)@(3,0)-y]-1111, Move up->node:[(1,2)@(3,2)-z]-1111, Move right->node:[(1,2)@(4,2)-x]-1111, Move right->node:[(1,2)@(6,2)-z]-1111, Move up->node:[(1,2)@(6,3)-y]-1111, Move right->node:[(1,2)@(7,3)-y]-1111, Move right->node:[(1,2)@(8,3)-y]-1111, Move down->node:[(1,2)@(8,2)-z]-1111, Move right->node:[(1,2)@(9,2)-x]-1111, Move right->node:[(1,2)@(11,2)-z]-1111, Move right->node:[(1,2)@(12,2)-x]-1111, Move up->node:[(1,2)@(12,3)-x]-1111, Move left->node:[(1,2)@(11,3)-z]-1111, Move down->node:[(1,2)@(11,1)-y]-1111, Move right->node:[(1,2)@(12,1)-y]-1111, Move up->node:[(1,2)@(12,3)-z]-1111, Move up->node:[(1,2)@(12,4)-y]-1111, Move up->node:[(1,2)@(12,6)-z]-1111, Move up->node:[(1,2)@(12,7)-y]-1111, Move up->node:[(1,2)@(12,9)-z]-1111, Move right->node:[(1,2)@(13,9)-x]-1111, Move down->node:[(1,2)@(13,8)-x]-1111, Move left->node:[(1,2)@(12,8)-z]-1111]
INFO main astar.AbstractAStarSearcher - Completed in 125 ms with 2158 expansions at rate 17 expansion/ms
INFO main blox.Scape - Loading scape level32.txt
INFO main astar.AbstractAStarSearcher - Starting A* search set for start node:[(1,2)@(10,2)-z]-1 and target (2,5)-z
INFO main astar.AbstractAStarSearcher - A* path found - length 129 - [Move up->node:[(1,2)@(10,3)-y]-1, Move up->node:[(1,2)@(10,5)-z]-1, Move left->node:[(1,2)@(8,5)-x]-1, Move down->node:[(1,2)@(8,4)-x]-1, Move right->node:[(1,2)@(10,4)-z]-1, Move up->node:[(1,2)@(10,5)-y]-1, Move right->node:[(1,2)@(11,5)-y]-1, Move up->node:[(1,2)@(11,7)-z]-1, Move right->node:[(1,2)@(12,7)-x]-1, Move down->node:[(1,2)@(12,6)-x]-1, Move left->node:[(1,2)@(11,6)-z]-1, Move right->node:[(1,2)@(12,6)-x]-11, Move up->node:[(1,2)@(12,7)-x]-11, Move left->node:[(1,2)@(11,7)-z]-11, Move down->node:[(1,2)@(11,5)-y]-11, Move left->node:[(1,2)@(10,5)-y]-11, Move down->node:[(1,2)@(10,4)-z]-11, Move left->node:[(1,2)@(8,4)-x]-11, Move up->node:[(1,2)@(8,5)-x]-11, Move right->node:[(1,2)@(10,5)-z]-11, Move down->node:[(1,2)@(10,3)-y]-11, Move left->node:[(1,2)@(9,3)-y]-11, Move up->node:[(1,2)@(9,5)-z]-11, Move right->node:[(1,2)@(10,5)-x]-11, Move up->node:[(1,2)@(10,6)-x]-11, Move right->node:[(1,2)@(12,6)-z]-11, Move up->node:[(1,2)@(12,7)-y]-11, Move right->node:[(1,2)@(13,7)-y]-11, Move down->node:[(1,2)@(13,6)-z]-11, Move left->node:[(1,2)@(11,6)-x]-11, Move left->node:[(1,2)@(10,6)-z]-11, Move down->node:[(1,2)@(10,4)-y]-11, Move down->node:[(1,2)@(10,3)-z]-11, Move down->node:[(1,2)@(10,1)-y]-11, Move left->node:[(1,2)@(9,1)-y]-11, Move down->node:[(1,2)@(9,0)-z]-11, Move left->node:[(1,2)@(7,0)-x]-11, Move left->node:[(1,2)@(6,0)-z]-11, Move up->node:[(1,2)@(6,1)-y]-11, Move left->node:[(1,2)@(5,1)-y]-11, Move down->node:[(1,2)@(5,0)-z]-11, Move right->node:[(1,2)@(6,0)-x]-11, Move right->node:[(1,2)@(8,0)-z]-11, Move right->node:[(1,2)@(9,0)-x]-11, Move up->node:[(1,2)@(9,1)-x]-11, Move up->node:[(1,2)@(9,2)-x]-11, Move up->node:[(1,2)@(9,3)-x]-11, Move up->node:[(1,2)@(9,4)-x]-11, Move up->node:[(1,2)@(9,5)-x]-11, Move right->node:[(1,2)@(11,5)-z]-11, Move up->node:[(1,2)@(11,6)-y]-11, Move right->node:[(1,2)@(12,6)-y]-11, Move right->node:[(1,2)@(13,6)-y]-11, Move up->node:[(1,2)@(13,8)-z]-11, Move down->node:[(1,2)@(13,6)-y]-111, Move left->node:[(1,2)@(12,6)-y]-111, Move left->node:[(1,2)@(11,6)-y]-111, Move down->node:[(1,2)@(11,5)-z]-111, Move left->node:[(1,2)@(9,5)-x]-111, Move down->node:[(1,2)@(9,4)-x]-111, Move down->node:[(1,2)@(9,3)-x]-111, Move down->node:[(1,2)@(9,2)-x]-111, Move down->node:[(1,2)@(9,1)-x]-111, Move down->node:[(1,2)@(9,0)-x]-111, Move left->node:[(1,2)@(8,0)-z]-111, Move left->node:[(1,2)@(6,0)-x]-111, Move left->node:[(1,2)@(5,0)-z]-111, Move left->node:[(1,2)@(3,0)-x]-111, Move up->node:[(1,2)@(3,1)-x]-111, Move right->node:[(1,2)@(5,1)-z]-111, Move left->node:[(1,2)@(3,1)-x]-1111, Move down->node:[(1,2)@(3,0)-x]-1111, Move right->node:[(1,2)@(5,0)-z]-1111, Move right->node:[(1,2)@(6,0)-x]-1111, Move right->node:[(1,2)@(8,0)-z]-1111, Move right->node:[(1,2)@(9,0)-x]-1111, Move up->node:[(1,2)@(9,1)-x]-1111, Move up->node:[(1,2)@(9,2)-x]-1111, Move up->node:[(1,2)@(9,3)-x]-1111, Move up->node:[(1,2)@(9,4)-x]-1111, Move up->node:[(1,2)@(9,5)-x]-1111, Move right->node:[(1,2)@(11,5)-z]-1111, Move up->node:[(1,2)@(11,6)-y]-1111, Move right->node:[(1,2)@(12,6)-y]-1111, Move right->node:[(1,2)@(13,6)-y]-1111, Move up->node:[(1,2)@(13,8)-z]-1111, Move down->node:[(1,2)@(13,6)-y]-11111, Move left->node:[(1,2)@(12,6)-y]-11111, Move left->node:[(1,2)@(11,6)-y]-11111, Move down->node:[(1,2)@(11,5)-z]-11111, Move left->node:[(1,2)@(9,5)-x]-11111, Move down->node:[(1,2)@(9,4)-x]-11111, Move down->node:[(1,2)@(9,3)-x]-11111, Move down->node:[(1,2)@(9,2)-x]-11111, Move down->node:[(1,2)@(9,1)-x]-11111, Move down->node:[(1,2)@(9,0)-x]-11111, Move left->node:[(1,2)@(8,0)-z]-11111, Move left->node:[(1,2)@(6,0)-x]-11111, Move left->node:[(1,2)@(5,0)-z]-11111, Move up->node:[(1,2)@(5,1)-y]-11111, Move right->node:[(1,2)@(6,1)-y]-11111, Move down->node:[(1,2)@(6,0)-z]-11111, Move right->node:[(1,2)@(7,0)-x]-11111, Move right->node:[(1,2)@(9,0)-z]-11111, Move up->node:[(1,2)@(9,1)-y]-11111, Move right->node:[(1,2)@(10,1)-y]-11111, Move up->node:[(1,2)@(10,3)-z]-11111, Move up->node:[(1,2)@(10,4)-y]-11111, Move up->node:[(1,2)@(10,6)-z]-11111, Move right->node:[(1,2)@(11,6)-x]-11111, Move right->node:[(1,2)@(13,6)-z]-11111, Move up->node:[(1,2)@(13,7)-y]-11111, Move left->node:[(1,2)@(12,7)-y]-11111, Move down->node:[(1,2)@(12,6)-z]-11111, Move left->node:[(1,2)@(10,6)-x]-11111, Move down->node:[(1,2)@(10,5)-x]-11111, Move left->node:[(1,2)@(9,5)-z]-11111, Move down->node:[(1,2)@(9,3)-y]-11111, Move right->node:[(1,2)@(10,3)-y]-11111, Move up->node:[(1,2)@(10,5)-z]-11111, Move left->node:[(1,2)@(8,5)-x]-11111, Move left->node:[(1,2)@(7,5)-z]-11111, Move up->node:[(1,2)@(7,6)-y]-11111, Move left->node:[(1,2)@(6,6)-y]-11111, Move left->node:[(1,2)@(5,6)-y]-11111, Move left->node:[(1,2)@(4,6)-y]-11111, Move left->node:[(1,2)@(3,6)-y]-11111, Move left->node:[(1,2)@(2,6)-y]-11111, Move down->node:[(1,2)@(2,5)-z]-11111]
INFO main astar.AbstractAStarSearcher - Completed in 46 ms with 1310 expansions at rate 28 expansion/ms
INFO main blox.Scape - Loading scape level33.txt
INFO main astar.AbstractAStarSearcher - Starting A* search set for start node:[(1,2)@(1,6)-z]-1 and target (1,2)-z
INFO main astar.AbstractAStarSearcher - A* path found - length 65 - [Move right->node:[(1,2)@(2,6)-x]-1, Move right->node:[(1,2)@(4,6)-z]-1, Move right->node:[(1,2)@(5,6)-x]-1, Move right->node:[(1,2)@(7,6)-z]-1, Move up->node:[(1,2)@(7,7)-y]-1, Move left->node:[(1,2)@(6,7)-y]-1, Move down->node:[(1,2)@(6,6)-z]-1, Move down->node:[(1,2)@(6,4)-y]-1, Move left->node:[(1,2)@(5,4)-y]-1, Move up->node:[(1,2)@(5,6)-z]-1, Move right->node:[(1,2)@(6,6)-x]-1, Move up->node:[(1,2)@(6,7)-x]-1, Move up->node:[(1,2)@(6,8)-x]-1, Move right->node:[(1,2)@(8,8)-z]-1, Move right->node:[(1,2)@(9,8)-x]-1, Move down->node:[(1,2)@(9,7)-x]-1, Move right->node:[(1,2)@(11,7)-z]-1, Move down->node:[(1,2)@(11,5)-y]-1, Move right->node:[(1,2)@(12,5)-y]-1, Move up->node:[(1,2)@(12,7)-z]-1, Move left->node:[(1,2)@(10,7)-x]-1, Move left->node:[(1,2)@(9,7)-z]-1, Move up->node:[(1,2)@(9,8)-y]-1, Move right->node:[(1,2)@(10,8)-y]-1, Move down->node:[(1,2)@(10,7)-z]-1, Move right->node:[(1,2)@(11,7)-x]-1, Move down->node:[(1,2)@(11,6)-x]-1, Move down->node:[(1,2)@(11,5)-x]-1, Move right->node:[(1,2)@(13,5)-z]-1, Move down->node:[(1,2)@(13,3)-y]-1, Move left->node:[(1,2)@(12,3)-y]-1, Move down->node:[(1,2)@(12,2)-z]-1, Move down->node:[(1,2)@(12,0)-y]-1, Move right->node:[(1,2)@(13,0)-y]-1, Move right->node:[(1,2)@(14,0)-y]-1, Move up->node:[(1,2)@(14,2)-z]-1, Move down->node:[(1,2)@(14,0)-y]-11, Move left->node:[(1,2)@(13,0)-y]-11, Move left->node:[(1,2)@(12,0)-y]-11, Move up->node:[(1,2)@(12,2)-z]-11, Move up->node:[(1,2)@(12,3)-y]-11, Move right->node:[(1,2)@(13,3)-y]-11, Move up->node:[(1,2)@(13,5)-z]-11, Move left->node:[(1,2)@(11,5)-x]-11, Move up->node:[(1,2)@(11,6)-x]-11, Move up->node:[(1,2)@(11,7)-x]-11, Move left->node:[(1,2)@(10,7)-z]-11, Move up->node:[(1,2)@(10,8)-y]-11, Move left->node:[(1,2)@(9,8)-y]-11, Move down->node:[(1,2)@(9,7)-z]-11, Move right->node:[(1,2)@(10,7)-x]-11, Move up->node:[(1,2)@(10,8)-x]-11, Move left->node:[(1,2)@(9,8)-z]-11, Move left->node:[(1,2)@(7,8)-x]-11, Move left->node:[(1,2)@(6,8)-z]-11, Move down->node:[(1,2)@(6,6)-y]-11, Move down->node:[(1,2)@(6,5)-z]-11, Move down->node:[(1,2)@(6,3)-y]-11, Move left->node:[(1,2)@(5,3)-y]-11, Move down->node:[(1,2)@(5,2)-z]-11, Move left->node:[(1,2)@(3,2)-x]-11, Move left->node:[(1,2)@(2,2)-z]-11, Move down->node:[(1,2)@(2,0)-y]-11, Move left->node:[(1,2)@(1,0)-y]-11, Move up->node:[(1,2)@(1,2)-z]-11]
INFO main astar.AbstractAStarSearcher - Completed in 109 ms with 2636 expansions at rate 24 expansion/ms
INFO main blox.Scape - Loading scape level1.txt
